\BOOKMARK [0][]{part.1}{\376\377\000I\000\040\004\037\004\065\004\100\004\062\004\113\004\071\000\040\004\076\004\101\004\065\004\075\004\075\004\070\004\071\000\040\004\101\004\065\004\074\004\065\004\101\004\102\004\100}{}% 1
\BOOKMARK [1][]{section.1}{\376\377\004\034\004\075\004\076\004\066\004\065\004\101\004\102\004\062\004\060\000\040\004\070\000\040\004\076\004\077\004\065\004\100\004\060\004\106\004\070\004\070\000\040\004\075\004\060\004\064\000\040\004\074\004\075\004\076\004\066\004\065\004\101\004\102\004\062\004\060\004\074\004\070}{part.1}% 2
\BOOKMARK [2][]{subsection.1.1}{\376\377\004\047\004\121\004\100\004\075\004\113\004\071\000\040\004\117\004\111\004\070\004\072\000\040\004\076\004\102\004\062\004\065\004\107\004\060\004\065\004\102\000\040\004\075\004\060\000\040\004\062\004\076\004\077\004\100\004\076\004\101\004\113}{section.1}% 3
\BOOKMARK [3][]{subsubsection.1.1.1}{\376\377\004\041\004\077\004\076\004\101\004\076\004\061\004\113\000\040\004\067\004\060\004\064\004\060\004\102\004\114\000\040\004\074\004\075\004\076\004\066\004\065\004\101\004\102\004\062\004\076}{subsection.1.1}% 4
\BOOKMARK [3][]{subsubsection.1.1.2}{\376\377\004\047\004\102\004\076\000\040\004\103\000\040\004\074\004\075\004\076\004\066\004\065\004\101\004\102\004\062\004\060\000\040\004\074\004\076\004\066\004\075\004\076\000\040\004\101\004\077\004\100\004\076\004\101\004\070\004\102\004\114}{subsection.1.1}% 5
\BOOKMARK [1][]{section.2}{\376\377\004\041\004\076\004\062\004\076\004\072\004\103\004\077\004\075\004\076\004\101\004\102\004\070\000\040\004\074\004\075\004\076\004\066\004\065\004\101\004\102\004\062\000\040\004\070\000\040\004\077\004\060\004\100\004\113}{part.1}% 6
\BOOKMARK [2][]{subsection.2.1}{\376\377\004\037\004\100\004\060\004\062\004\070\004\073\004\060\000\040\004\034\004\076\004\100\004\063\004\060\004\075\004\060}{section.2}% 7
\BOOKMARK [2][]{subsection.2.2}{\376\377\004\047\004\102\004\076\000\040\004\064\004\065\004\073\004\060\004\102\004\114\000\040\004\101\000\040\004\077\004\076\004\075\004\117\004\102\004\070\004\065\004\074\000\040\004\104\004\103\004\075\004\072\004\106\004\070\004\070}{section.2}% 8
\BOOKMARK [3][]{subsubsection.2.2.1}{\376\377\004\041\004\062\004\076\004\071\004\101\004\102\004\062\004\076\000\040\004\064\004\065\004\072\004\060\004\100\004\102\004\076\004\062\004\060\000\040\004\077\004\100\004\076\004\070\004\067\004\062\004\065\004\064\004\065\004\075\004\070\004\117}{subsection.2.2}% 9
\BOOKMARK [1][]{section.3}{\376\377\004\036\004\102\004\075\004\076\004\110\004\065\004\075\004\070\004\117}{part.1}% 10
\BOOKMARK [1][]{section.4}{\376\377\004\035\004\060\004\107\004\070\004\075\004\060\004\065\004\074\000\040\004\063\004\076\004\062\004\076\004\100\004\070\004\102\004\114\000\040\004\076\000\040\004\107\004\070\004\101\004\073\004\060\004\105}{part.1}% 11
\BOOKMARK [2][]{subsection.4.1}{\376\377\004\020\004\072\004\101\004\070\004\076\004\074\004\113\000\040\004\037\004\065\004\060\004\075\004\076}{section.4}% 12
\BOOKMARK [2][]{subsection.4.2}{\376\377\004\042\004\065\004\077\004\065\004\100\004\114\000\040\004\074\004\060\004\102\004\065\004\074\004\060\004\102\004\070\004\107\004\065\004\101\004\072\004\060\004\117\000\040\004\070\004\075\004\064\004\103\004\072\004\106\004\070\004\117\000\040\004\075\004\060\000\040\004\077\004\060\004\073\004\114\004\106\004\060\004\105}{section.4}% 13
\BOOKMARK [1][]{section.5}{\376\377\004\036\004\077\004\100\004\065\004\064\004\065\004\073\004\065\004\075\004\070\004\065\000\040\004\076\004\077\004\065\004\100\004\060\004\106\004\070\004\071}{part.1}% 14
\BOOKMARK [2][]{subsection.5.1}{\376\377\004\046\004\065\004\073\004\113\004\065\000\040\004\107\004\070\004\101\004\073\004\060}{section.5}% 15
\BOOKMARK [2][]{subsection.5.2}{\376\377\004\040\004\060\004\106\004\070\004\076\004\075\004\060\004\073\004\114\004\075\004\113\004\065\000\040\004\107\004\070\004\101\004\073\004\060}{section.5}% 16
\BOOKMARK [3][]{subsubsection.5.2.1}{\376\377\004\041\004\062\004\076\004\071\004\101\004\102\004\062\004\060\000\040\004\100\004\060\004\106\004\070\004\076\004\075\004\060\004\073\004\114\004\075\004\113\004\105\000\040\004\107\004\070\004\101\004\065\004\073}{subsection.5.2}% 17
\BOOKMARK [2][]{subsection.5.3}{\376\377\004\024\004\065\004\071\004\101\004\102\004\062\004\070\004\102\004\065\004\073\004\114\004\075\004\113\004\065\000\040\004\107\004\070\004\101\004\073\004\060\000,\000\040\004\060\004\072\004\101\004\070\004\076\004\074\004\060\000\040\004\024\004\065\004\064\004\065\004\072\004\070\004\075\004\064\004\060}{section.5}% 18
\BOOKMARK [1][]{section.6}{\376\377\004\036\000\040\004\077\004\076\004\073\004\075\004\076\004\102\004\065}{part.1}% 19
\BOOKMARK [2][]{subsection.6.1}{\376\377\004\040\004\060\004\101\004\110\004\070\004\100\004\065\004\075\004\075\004\060\004\117\000\040\004\107\004\070\004\101\004\073\004\076\004\062\004\060\004\117\000\040\004\077\004\100\004\117\004\074\004\060\004\117}{section.6}% 20
\BOOKMARK [2][]{subsection.6.2}{\376\377\004\037\004\076\004\101\004\073\004\065\004\064\004\076\004\062\004\060\004\102\004\065\004\073\004\114\004\075\004\076\004\101\004\102\004\114\000.\000\040\004\022\004\073\004\076\004\066\004\065\004\075\004\075\004\113\004\065\000\040\004\076\004\102\004\100\004\065\004\067\004\072\004\070}{section.6}% 21
\BOOKMARK [1][]{section.7}{\376\377\004\041\004\100\004\060\004\062\004\075\004\065\004\075\004\070\004\065\000\040\004\074\004\076\004\111\004\075\004\076\004\101\004\102\004\065\004\071}{part.1}% 22
\BOOKMARK [1][]{section.8}{\376\377\004\021\004\065\004\101\004\072\004\076\004\075\004\065\004\107\004\075\004\113\004\065\000\040\004\074\004\075\004\076\004\066\004\065\004\101\004\102\004\062\004\060}{part.1}% 23
\BOOKMARK [1][]{section.9}{\376\377\004\036\000\040\004\102\004\076\004\107\004\072\004\060\004\105}{part.1}% 24
\BOOKMARK [2][]{subsection.9.1}{\376\377\004\020\000\040\004\102\004\065\004\077\004\065\004\100\004\114\000\040\004\100\004\060\004\101\004\101\004\074\004\076\004\102\004\100\004\070\004\074\000\040\004\077\004\076\004\064\004\074\004\075\004\076\004\066\004\065\004\101\004\102\004\062\004\060\000\040\004\100\004\060\004\101\004\110\004\070\004\100\004\065\004\075\004\075\004\076\004\071\000\040\004\077\004\100\004\117\004\074\004\076\004\071}{section.9}% 25
\BOOKMARK [3][]{subsubsection.9.1.1}{\376\377\004\041\004\062\004\076\004\071\004\101\004\102\004\062\004\060}{subsection.9.1}% 26
\BOOKMARK [1][]{section.10}{\376\377\004\042\004\065\004\076\004\100\004\065\004\074\004\060\000\040\004\021\004\076\004\073\004\114\004\106\004\060\004\075\004\076\040\023\000\040\004\022\004\065\004\071\004\065\004\100\004\110\004\102\004\100\004\060\004\101\004\101\004\060}{part.1}% 27
\BOOKMARK [1][]{section.11}{\376\377\004\036\000\040\004\077\004\076\004\101\004\073\004\065\004\064\004\076\004\062\004\060\004\102\004\065\004\073\004\114\004\075\004\076\004\101\004\102\004\117\004\105}{part.1}% 28
\BOOKMARK [2][]{subsection.11.1}{\376\377\004\036\004\077\004\100\004\065\004\064\004\065\004\073\004\065\004\075\004\070\004\065\000\040\004\077\004\100\004\065\004\064\004\065\004\073\004\060\000\040\004\070\000\040\004\065\004\063\004\076\000\040\004\065\004\064\004\070\004\075\004\101\004\102\004\062\004\065\004\075\004\075\004\076\004\101\004\102\004\114}{section.11}% 29
\BOOKMARK [2][]{subsection.11.2}{\376\377\004\045\004\062\004\076\004\101\004\102\004\113}{section.11}% 30
\BOOKMARK [2][]{subsection.11.3}{\376\377\004\020\004\100\004\070\004\104\004\074\004\065\004\102\004\070\004\107\004\065\004\101\004\072\004\070\004\065\000\040\004\101\004\062\004\076\004\071\004\101\004\102\004\062\004\060\000\040\004\077\004\100\004\065\004\064\004\065\004\073\004\060}{section.11}% 31
\BOOKMARK [3][]{subsubsection.11.3.1}{\376\377\004\021\004\076\004\100\004\114\004\061\004\060\000\040\004\064\004\076\004\061\004\100\004\060\000\040\004\101\004\076\000\040\004\067\004\073\004\076\004\074}{subsection.11.3}% 32
\BOOKMARK [1][]{section.12}{\376\377\004\036\000-\004\101\004\070\004\074\004\062\004\076\004\073\004\070\004\072\004\060}{part.1}% 33
\BOOKMARK [2][]{subsection.12.1}{\376\377\004\041\004\062\004\076\004\071\004\101\004\102\004\062\004\060}{section.12}% 34
\BOOKMARK [2][]{subsection.12.2}{\376\377\004\032\004\100\004\070\004\102\004\065\004\100\004\070\004\071\000\040\004\032\004\076\004\110\004\070}{section.12}% 35
\BOOKMARK [2][]{subsection.12.3}{\376\377\004\024\004\100\004\103\004\063\004\060\004\117\000\040\004\104\004\076\004\100\004\074\004\103\004\073\004\070\004\100\004\076\004\062\004\072\004\060}{section.12}% 36
\BOOKMARK [1][]{section.13}{\376\377\004\032\004\100\004\070\004\102\004\065\004\100\004\070\004\071\000\040\004\032\004\076\004\110\004\070}{part.1}% 37
\BOOKMARK [2][]{subsection.13.1}{\376\377\004\035\004\065\004\102\004\100\004\070\004\062\004\070\004\060\004\073\004\114\004\075\004\060\004\117\000\040\004\107\004\060\004\101\004\102\004\114\000\040\004\064\004\076\004\072\004\060\004\067\004\060\004\102\004\065\004\073\004\114\004\101\004\102\004\062\004\060\000\040\004\072\004\100\004\070\004\102\004\065\004\100\004\070\004\117}{section.13}% 38
\BOOKMARK [2][]{subsection.13.2}{\376\377\004\021\004\060\004\067\004\076\004\062\004\113\004\065\000\040\004\077\004\100\004\070\004\074\004\065\004\100\004\113}{section.13}% 39
\BOOKMARK [1][]{section.14}{\376\377\004\036\000\040\004\107\004\070\004\101\004\073\004\065\000\040\004\055\004\071\004\073\004\065\004\100\004\060}{part.1}% 40
\BOOKMARK [1][]{section.15}{\376\377\004\055\004\072\004\062\004\070\004\062\004\060\004\073\004\065\004\075\004\102\004\075\004\113\004\065\000\040\004\076\004\077\004\100\004\065\004\064\004\065\004\073\004\065\004\075\004\070\004\117\000\040\004\107\004\060\004\101\004\102\004\070\004\107\004\075\004\113\004\105\000\040\004\077\004\100\004\065\004\064\004\065\004\073\004\076\004\062}{part.1}% 41
\BOOKMARK [1][]{section.16}{\376\377\004\044\004\103\004\075\004\072\004\106\004\070\004\070\000.\000\040\004\036\004\077\004\100\004\065\004\064\004\065\004\073\004\065\004\075\004\070\004\117\000\040\004\077\004\100\004\065\004\064\004\065\004\073\004\060\000\040\004\104\004\103\004\075\004\072\004\106\004\070\004\070}{part.1}% 42
\BOOKMARK [2][]{subsection.16.1}{\376\377\004\027\004\060\004\062\004\065\004\100\004\110\004\065\004\075\004\070\004\065\000\040\004\061\004\065\004\101\004\065\004\064\004\113\000\040\004\076\000\040\004\077\004\076\004\101\004\073\004\065\004\064\004\076\004\062\004\060\004\102\004\065\004\073\004\114\004\075\004\076\004\101\004\102\004\117\004\105}{section.16}% 43
\BOOKMARK [2][]{subsection.16.2}{\376\377\004\024\004\065\004\071\004\101\004\102\004\062\004\070\004\102\004\065\004\073\004\114\004\075\004\076\004\067\004\075\004\060\004\107\004\075\004\060\004\117\000\040\004\104\004\103\004\075\004\072\004\106\004\070\004\117\000\040\004\064\004\065\004\071\004\101\004\102\004\062\004\070\004\102\004\065\004\073\004\114\004\075\004\076\004\063\004\076\000\040\004\077\004\065\004\100\004\065\004\074\004\065\004\075\004\075\004\076\004\063\004\076}{section.16}% 44
\BOOKMARK [2][]{subsection.16.3}{\376\377\004\036\004\077\004\100\004\065\004\064\004\065\004\073\004\065\004\075\004\070\004\065\000\040\004\077\004\100\004\065\004\064\004\065\004\073\004\060\000\040\004\104\004\103\004\075\004\072\004\106\004\070\004\070\000\040\004\077\004\076\000\040\004\032\004\076\004\110\004\070}{section.16}% 45
\BOOKMARK [2][]{subsection.16.4}{\376\377\004\036\004\077\004\100\004\065\004\064\004\065\004\073\004\065\004\075\004\070\004\065\000\040\004\077\004\100\004\065\004\064\004\065\004\073\004\060\000\040\004\104\004\103\004\075\004\072\004\106\004\070\004\070\000\040\004\077\004\076\000\040\004\023\004\065\004\071\004\075\004\065}{section.16}% 46
\BOOKMARK [2][]{subsection.16.5}{\376\377\004\020\004\100\004\070\004\104\004\074\004\065\004\102\004\070\004\107\004\065\004\101\004\072\004\070\004\065\000\040\004\101\004\062\004\076\004\071\004\101\004\102\004\062\004\060\000\040\004\077\004\100\004\065\004\064\004\065\004\073\004\060\000\040\004\104\004\103\004\075\004\072\004\106\004\070\004\070}{section.16}% 47
\BOOKMARK [1][]{section.17}{\376\377\004\032\004\100\004\070\004\102\004\065\004\100\004\070\004\071\000\040\004\032\004\076\004\110\004\070\000\040\004\064\004\073\004\117\000\040\004\077\004\100\004\065\004\064\004\065\004\073\004\060\000\040\004\104\004\103\004\075\004\072\004\106\004\070\004\070}{part.1}% 48
\BOOKMARK [2][]{subsection.17.1}{\376\377\004\044\004\103\004\075\004\072\004\106\004\070\004\117\000\040\004\064\004\065\004\071\004\101\004\102\004\062\004\070\004\102\004\065\004\073\004\114\004\075\004\076\004\071\000\040\004\077\004\065\004\100\004\065\004\074\004\065\004\075\004\075\004\076\004\071}{section.17}% 49
\BOOKMARK [2][]{subsection.17.2}{\376\377\004\032\004\100\004\070\004\102\004\065\004\100\004\070\004\071\000\040\004\032\004\076\004\110\004\070\000.\000\040\004\041\004\103\004\111\004\065\004\101\004\102\004\062\004\076\004\062\004\060\004\075\004\070\004\065\000\040\004\077\004\100\004\065\004\064\004\065\004\073\004\060}{section.17}% 50
\BOOKMARK [2][]{subsection.17.3}{\376\377\004\037\004\100\004\065\004\064\004\065\004\073\000\040\004\077\004\076\000\040\004\074\004\075\004\076\004\066\004\065\004\101\004\102\004\062\004\103}{section.17}% 51
\BOOKMARK [2][]{subsection.17.4}{\376\377\004\037\004\100\004\070\004\074\004\065\004\100\004\107\004\070\004\072}{section.17}% 52
\BOOKMARK [1][]{section.18}{\376\377\004\035\004\065\004\077\004\100\004\065\004\100\004\113\004\062\004\075\004\076\004\101\004\102\004\114}{part.1}% 53
\BOOKMARK [2][]{subsection.18.1}{\376\377\004\042\004\065\004\076\004\100\004\065\004\074\004\060\000\040\004\076\000\040\004\077\004\100\004\065\004\064\004\065\004\073\004\065\000\040\004\072\004\076\004\074\004\077\004\076\004\067\004\070\004\106\004\070\004\070}{section.18}% 54
\BOOKMARK [2][]{subsection.18.2}{\376\377\004\035\004\065\004\077\004\100\004\065\004\100\004\113\004\062\004\075\004\076\004\101\004\102\004\114}{section.18}% 55
\BOOKMARK [1][]{section.19}{\376\377\004\041\004\062\004\076\004\071\004\101\004\102\004\062\004\060\000\040\004\075\004\065\004\077\004\100\004\065\004\100\004\113\004\062\004\075\004\113\004\105\000\040\004\104\004\103\004\075\004\072\004\106\004\070\004\071\000.\000\040\004\040\004\060\004\062\004\075\004\076\004\074\004\065\004\100\004\075\004\060\004\117\000\040\004\075\004\065\004\077\004\100\004\065\004\100\004\113\004\062\004\075\004\076\004\101\004\102\004\114}{part.1}% 56
\BOOKMARK [1][]{section.20}{\376\377\004\040\004\060\004\067\004\100\004\113\004\062\004\113\000.\000\040\004\034\004\076\004\064\004\103\004\073\004\114\000\040\004\075\004\065\004\077\004\100\004\065\004\100\004\113\004\062\004\075\004\076\004\101\004\102\004\070}{part.1}% 57
\BOOKMARK [2][]{subsection.20.1}{\376\377\004\032\004\073\004\060\004\101\004\101\004\070\004\104\004\070\004\072\004\060\004\106\004\070\004\117\000\040\004\102\004\076\004\107\004\065\004\072\000\040\004\100\004\060\004\067\004\100\004\113\004\062\004\060}{section.20}% 58
\BOOKMARK [2][]{subsection.20.2}{\376\377\004\034\004\076\004\064\004\103\004\073\004\114\000\040\004\075\004\065\004\077\004\100\004\065\004\100\004\113\004\062\004\075\004\076\004\101\004\102\004\070\000.}{section.20}% 59
\BOOKMARK [1][]{section.21}{\376\377\004\035\004\065\004\077\004\100\004\065\004\100\004\113\004\062\004\075\004\076\004\101\004\102\004\114\000\040\004\070\000\040\004\074\004\076\004\075\004\076\004\102\004\076\004\075\004\075\004\076\004\101\004\102\004\114\000.\000\040\004\035\004\076\004\062\004\113\004\065\000\040\004\104\004\103\004\075\004\072\004\106\004\070\004\070}{part.1}% 60
\BOOKMARK [2][]{subsection.21.1}{\376\377\004\032\004\060\004\072\000\040\004\101\004\062\004\117\004\067\004\060\004\075\004\113\000\040\004\101\004\062\004\076\004\071\004\101\004\102\004\062\004\060\000\040\004\075\004\065\004\077\004\100\004\065\004\100\004\113\004\062\004\075\004\076\004\101\004\102\004\070\000\040\004\070\000\040\004\074\004\076\004\075\004\076\004\102\004\076\004\075\004\075\004\076\004\101\004\102\004\070}{section.21}% 61
\BOOKMARK [2][]{subsection.21.2}{\376\377\004\022\004\062\004\065\004\064\004\065\004\075\004\070\004\065\000\040\004\104\004\103\004\075\004\072\004\106\004\070\004\071}{section.21}% 62
\BOOKMARK [1][]{section.22}{\376\377\004\030\004\100\004\100\004\060\004\106\004\070\004\076\004\075\004\060\004\073\004\114\004\075\004\113\004\065\000\040\004\077\004\076\004\072\004\060\004\067\004\060\004\102\004\065\004\073\004\070}{part.1}% 63
\BOOKMARK [2][]{subsection.22.1}{\376\377\000O\000-\004\101\004\070\004\074\004\062\004\076\004\073\004\070\004\072\004\060}{section.22}% 64
\BOOKMARK [1][]{section.23}{\376\377\004\027\004\060\004\074\004\065\004\107\004\060\004\102\004\065\004\073\004\114\004\075\004\113\004\065\000\040\004\077\004\100\004\065\004\064\004\065\004\073\004\113\000.\000\040\004\037\004\100\004\076\004\070\004\067\004\062\004\076\004\064\004\075\004\113\004\065}{part.1}% 65
\BOOKMARK [2][]{subsection.23.1}{\376\377\004\037\004\065\004\100\004\062\004\113\004\071\000\040\004\067\004\060\004\074\004\065\004\107\004\060\004\102\004\065\004\073\004\114\004\075\004\113\004\071\000\040\004\077\004\100\004\065\004\064\004\065\004\073\000.}{section.23}% 66
\BOOKMARK [2][]{subsection.23.2}{\376\377\004\022\004\102\004\076\004\100\004\076\004\071\000\040\004\067\004\060\004\074\004\065\004\107\004\060\004\102\004\065\004\073\004\114\004\075\004\113\004\071\000\040\004\077\004\100\004\065\004\064\004\065\004\073}{section.23}% 67
\BOOKMARK [2][]{subsection.23.3}{\376\377\004\037\004\100\004\076\004\070\004\067\004\062\004\076\004\064\004\075\004\060\004\117\000,\000\040\004\064\004\070\004\104\004\104\004\065\004\100\004\065\004\075\004\106\004\070\004\060\004\073}{section.23}% 68
\BOOKMARK [1][]{section.24}{\376\377\004\036\004\077\004\065\004\100\004\060\004\106\004\070\004\070\000\040\004\101\000\040\004\077\004\100\004\076\004\070\004\067\004\062\004\076\004\064\004\075\004\113\004\074\004\070\000\040\004\070\000\040\004\064\004\070\004\104\004\104\004\065\004\100\004\065\004\075\004\106\004\070\004\060\004\073\004\060\004\074\004\070}{part.1}% 69
\BOOKMARK [2][]{subsection.24.1}{\376\377\004\020\004\100\004\070\004\104\004\074\004\065\004\102\004\070\004\107\004\065\004\101\004\072\004\070\004\065\000\040\004\101\004\062\004\076\004\071\004\101\004\102\004\062\004\060\000\040\004\077\004\100\004\076\004\070\004\067\004\062\004\076\004\064\004\075\004\076\004\071\000\040\004\070\000\040\004\064\004\070\004\104\004\104\004\065\004\100\004\065\004\075\004\106\004\070\004\060\004\073\004\076\004\062}{section.24}% 70
\BOOKMARK [2][]{subsection.24.2}{\376\377\004\037\004\100\004\076\004\070\004\067\004\062\004\076\004\064\004\075\004\060\004\117\000\040\004\072\004\076\004\074\004\077\004\076\004\067\004\070\004\106\004\070\004\070}{section.24}% 71
\BOOKMARK [1][]{section.25}{\376\377\004\037\004\100\004\076\004\070\004\067\004\062\004\076\004\064\004\075\004\113\004\065\000\040\004\070\000\040\004\064\004\070\004\104\004\104\004\065\004\100\004\065\004\075\004\106\004\070\004\060\004\073\004\113\000\040\004\062\004\113\004\101\004\110\004\070\004\105\000\040\004\077\004\076\004\100\004\117\004\064\004\072\004\076\004\062}{part.1}% 72
\BOOKMARK [1][]{section.26}{\376\377\004\036\004\101\004\075\004\076\004\062\004\075\004\113\004\065\000\040\004\102\004\065\004\076\004\100\004\065\004\074\004\113\000\040\004\064\004\070\004\104\004\104\004\065\004\100\004\065\004\075\004\106\004\070\004\060\004\073\004\114\004\075\004\076\004\063\004\076\000\040\004\070\004\101\004\107\004\070\004\101\004\073\004\065\004\075\004\070\004\117}{part.1}% 73
\BOOKMARK [1][]{section.27}{\376\377\004\041\004\073\004\065\004\064\004\101\004\102\004\062\004\070\004\117\000\040\004\076\004\101\004\075\004\076\004\062\004\075\004\113\004\105\000\040\004\102\004\065\004\076\004\100\004\065\004\074}{part.1}% 74
\BOOKMARK [1][]{section.28}{\376\377\004\033\004\076\004\077\004\070\004\102\004\060\004\073\004\114\000\040\004\070\000\040\004\042\004\065\004\071\004\073\004\076\004\100}{part.1}% 75
\BOOKMARK [2][]{subsection.28.1}{\376\377\004\044\004\076\004\100\004\074\004\103\004\073\004\060\000\040\004\042\004\065\004\071\004\073\004\076\004\100\004\060}{section.28}% 76
\BOOKMARK [1][]{section.29}{\376\377\004\022\004\101\004\065\000\040\004\076\004\101\004\102\004\060\004\102\004\076\004\107\004\075\004\113\004\065\000\040\004\107\004\073\004\065\004\075\004\113\000\040\004\104\004\076\004\100\004\074\004\103\004\073\004\113\000\040\004\042\004\065\004\071\004\073\004\076\004\100\004\060}{part.1}% 77
\BOOKMARK [2][]{subsection.29.1}{\376\377\004\033\004\076\004\072\004\060\004\073\004\114\004\075\004\060\004\117\000\040\004\104\004\076\004\100\004\074\004\103\004\073\004\113\000\040\004\042\004\065\004\071\004\073\004\076\004\100\004\060}{section.29}% 78
\BOOKMARK [2][]{subsection.29.2}{\376\377\004\036\004\101\004\102\004\060\004\102\004\076\004\107\004\075\004\113\004\071\000\040\004\107\004\073\004\065\004\075\000\040\004\062\000\040\004\072\004\076\004\075\004\101\004\102\004\100\004\103\004\072\004\102\004\070\004\062\004\075\004\076\004\071\000\040\004\070\004\073\004\070\000\040\004\062\000\040\004\063\004\073\004\076\004\061\004\060\004\073\004\114\004\075\004\076\004\071\000\040\004\104\004\076\004\100\004\074\004\065}{section.29}% 79
\BOOKMARK [1][]{section.30}{\376\377\004\040\004\117\004\064\000\040\004\042\004\065\004\071\004\073\004\076\004\100\004\060\000.\000\040\004\055\004\072\004\101\004\102\004\100\004\065\004\074\004\103\004\074\004\113\000.\000\040\004\022\004\113\004\077\004\103\004\072\004\073\004\076\004\101\004\102\004\114}{part.1}% 80
\BOOKMARK [2][]{subsection.30.1}{\376\377\004\024\004\076\004\101\004\102\004\060\004\102\004\076\004\107\004\075\004\076\004\065\000\040\004\103\004\101\004\073\004\076\004\062\004\070\004\065\000\040\004\100\004\060\004\067\004\073\004\076\004\066\004\065\004\075\004\070\004\117\000\040\004\062\000\040\004\100\004\117\004\064\000\040\004\042\004\065\004\071\004\073\004\076\004\100\004\060}{section.30}% 81
\BOOKMARK [2][]{subsection.30.2}{\376\377\004\050\004\070\004\100\004\076\004\072\004\076\004\065\000\040\004\070\000\040\004\063\004\073\004\103\004\061\004\076\004\072\004\076\004\065\000\040\004\064\004\076\004\101\004\102\004\060\004\102\004\076\004\107\004\075\004\113\004\065\000\040\004\103\004\101\004\073\004\076\004\062\004\070\004\117\000\040\004\115\004\072\004\101\004\102\004\100\004\065\004\074\004\103\004\074\004\060}{section.30}% 82
\BOOKMARK [2][]{subsection.30.3}{\376\377\004\022\004\113\004\077\004\103\004\072\004\073\004\076\004\101\004\102\004\114}{section.30}% 83
\BOOKMARK [1][]{section.31}{\376\377\004\041\004\062\004\076\004\071\004\101\004\102\004\062\004\060\000\040\004\062\004\113\004\077\004\103\004\072\004\073\004\113\004\105\000\040\004\104\004\103\004\075\004\072\004\106\004\070\004\071\000.\000\040\004\020\004\101\004\070\004\074\004\077\004\102\004\076\004\102\004\113}{part.1}% 84
\BOOKMARK [2][]{subsection.31.1}{\376\377\004\032\004\100\004\070\004\102\004\065\004\100\004\070\004\070\000\040\004\062\004\113\004\077\004\103\004\072\004\073\004\076\004\101\004\102\004\070}{section.31}% 85
\BOOKMARK [2][]{subsection.31.2}{\376\377\004\020\004\101\004\070\004\074\004\077\004\102\004\076\004\102\004\113\000\040\004\067\004\060\000\040\004\107\004\065\004\102\004\113\004\100\004\065\000\040\004\074\004\070\004\075\004\103\004\102\004\113}{section.31}% 86
\BOOKMARK [0][]{part.2}{\376\377\000I\000I\000\040\004\022\004\102\004\076\004\100\004\076\004\071\000\040\004\101\004\065\004\074\004\065\004\101\004\102\004\100}{}% 87
\BOOKMARK [1][]{section.32}{\376\377\004\037\004\065\004\100\004\062\004\076\004\076\004\061\004\100\004\060\004\067\004\075\004\113\004\065\000\040\004\070\000\040\004\075\004\065\004\076\004\077\004\100\004\065\004\064\004\065\004\073\004\121\004\075\004\075\004\113\004\065\000\040\004\070\004\075\004\102\004\065\004\063\004\100\004\060\004\073\004\113}{part.2}% 88
\BOOKMARK [2][]{subsection.32.1}{\376\377\004\042\004\076\004\107\004\075\004\113\004\065\000\040\004\077\004\065\004\100\004\062\004\076\004\076\004\061\004\100\004\060\004\067\004\075\004\113\004\065}{section.32}% 89
\BOOKMARK [2][]{subsection.32.2}{\376\377\004\036\004\061\004\076\004\061\004\111\004\121\004\075\004\075\004\113\004\065\000\040\004\077\004\065\004\100\004\062\004\076\004\076\004\061\004\100\004\060\004\067\004\075\004\113\004\065}{section.32}% 90
\BOOKMARK [2][]{subsection.32.3}{\376\377\004\035\004\065\004\076\004\077\004\100\004\065\004\064\004\065\004\073\004\121\004\075\004\075\004\113\004\065\000\040\004\070\004\075\004\102\004\065\004\063\004\100\004\060\004\073\004\113}{section.32}% 91
\BOOKMARK [3][]{subsubsection.32.3.1}{\376\377\004\041\004\062\004\076\004\071\004\101\004\102\004\062\004\060}{subsection.32.3}% 92
\BOOKMARK [3][]{subsubsection.32.3.2}{\376\377\004\042\004\065\004\076\004\100\004\065\004\074\004\113\000\040\004\076\000\040\004\067\004\060\004\074\004\065\004\075\004\065\000\040\004\077\004\065\004\100\004\065\004\074\004\065\004\075\004\075\004\113\004\105}{subsection.32.3}% 93
\BOOKMARK [1][]{section.33}{\376\377\004\022\004\113\004\107\004\070\004\101\004\073\004\065\004\075\004\070\004\065\000\040\004\070\004\075\004\102\004\065\004\063\004\100\004\060\004\073\004\076\004\062}{part.2}% 94
\BOOKMARK [2][]{subsection.33.1}{\376\377\004\042\004\060\004\061\004\073\004\070\004\106\004\060\000\040\004\070\004\075\004\102\004\065\004\063\004\100\004\060\004\073\004\076\004\062}{section.33}% 95
\BOOKMARK [2][]{subsection.33.2}{\376\377\004\030\004\075\004\102\004\065\004\063\004\100\004\070\004\100\004\076\004\062\004\060\004\075\004\070\004\065\000\040\004\100\004\060\004\106\004\070\004\076\004\075\004\060\004\073\004\114\004\075\004\113\004\105\000\040\004\062\004\113\004\100\004\060\004\066\004\065\004\075\004\070\004\071}{section.33}% 96
\BOOKMARK [2][]{subsection.33.3}{\376\377\004\041\004\065\004\072\004\100\004\065\004\102\004\075\004\113\004\071\000\040\004\077\004\100\004\070\004\074\004\065\004\100}{section.33}% 97
\BOOKMARK [1][]{section.34}{\376\377\004\036\004\101\004\102\004\100\004\076\004\063\004\100\004\060\004\064\004\101\004\072\004\070\004\071\000,\000\040\004\055\004\071\004\073\004\065\004\100\000,\000\040\004\047\004\065\004\061\004\113\004\110\004\121\004\062}{part.2}% 98
\BOOKMARK [2][]{subsection.34.1}{\376\377\004\034\004\065\004\102\004\076\004\064\000\040\004\036\004\101\004\102\004\100\004\076\004\063\004\100\004\060\004\064\004\101\004\072\004\076\004\063\004\076}{section.34}% 99
\BOOKMARK [2][]{subsection.34.2}{\376\377\004\030\004\075\004\102\004\065\004\063\004\100\004\070\004\100\004\076\004\062\004\060\004\075\004\070\004\065\000\040\004\064\004\100\004\076\004\061\004\075\004\076\000-\004\073\004\070\004\075\004\065\004\071\004\075\004\113\004\105\000\040\004\070\004\100\004\100\004\060\004\106\004\070\004\076\004\075\004\060\004\073\004\114\004\075\004\076\004\101\004\102\004\065\004\071}{section.34}% 100
\BOOKMARK [3][]{subsubsection.34.2.1}{\376\377\004\030\004\075\004\102\004\065\004\063\004\100\004\070\004\100\004\076\004\062\004\060\004\075\004\070\004\065\000\040\004\072\004\062\004\060\004\100\004\064\004\100\004\060\004\102\004\070\004\107\004\075\004\076\004\071\000\040\004\070\004\100\004\100\004\060\004\106\004\070\004\076\004\075\004\060\004\073\004\114\004\075\004\076\004\101\004\102\004\070\000.\000\040\004\037\004\076\004\064\004\101\004\102\004\060\004\075\004\076\004\062\004\072\004\070\000\040\004\055\004\071\004\073\004\065\004\100\004\060}{subsection.34.2}% 101
\BOOKMARK [2][]{subsection.34.3}{\376\377\004\030\004\075\004\102\004\065\004\063\004\100\004\070\004\100\004\076\004\062\004\060\004\075\004\070\004\065\000\040\004\064\004\070\004\104\004\104\004\065\004\100\004\065\004\075\004\106\004\070\004\060\004\073\004\114\004\075\004\076\004\063\004\076\000\040\004\061\004\070\004\075\004\076\004\074\004\060\000.\000\040\004\027\004\060\004\074\004\065\004\075\004\113\000\040\004\047\004\065\004\061\004\113\004\110\004\121\004\062\004\060}{section.34}% 102
\BOOKMARK [2][]{subsection.34.4}{\376\377\004\030\004\075\004\102\004\065\004\063\004\100\004\070\004\100\004\076\004\062\004\060\004\075\004\070\004\065\000\040\004\102\004\100\004\070\004\063\004\076\004\075\004\076\004\074\004\065\004\102\004\100\004\070\004\107\004\065\004\101\004\072\004\070\004\105\000\040\004\104\004\103\004\075\004\072\004\106\004\070\004\071}{section.34}% 103
\BOOKMARK [2][]{subsection.34.5}{\376\377\004\037\004\100\004\065\004\064\004\065\004\073\000\040\004\077\004\076\000\040\004\061\004\060\004\067\004\065}{section.34}% 104
\BOOKMARK [1][]{section.35}{\376\377\004\041\004\062\004\076\004\071\004\101\004\102\004\062\004\060\000\040\004\077\004\100\004\065\004\064\004\065\004\073\004\060\000\040\004\077\004\076\000\040\004\061\004\060\004\067\004\065}{part.2}% 105
\BOOKMARK [2][]{subsection.35.1}{\376\377\004\036\004\101\004\075\004\076\004\062\004\075\004\113\004\065\000\040\004\101\004\062\004\076\004\071\004\101\004\102\004\062\004\060\000\040\004\077\004\100\004\065\004\064\004\065\004\073\004\076\004\062}{section.35}% 106
\BOOKMARK [1][]{section.36}{\376\377\004\036\004\077\004\100\004\065\004\064\004\065\004\073\004\121\004\075\004\075\004\113\004\065\000\040\004\070\004\075\004\102\004\065\004\063\004\100\004\060\004\073\004\113}{part.2}% 107
\BOOKMARK [2][]{subsection.36.1}{\376\377\004\032\004\100\004\070\004\102\004\065\004\100\004\070\004\071\000\040\004\032\004\076\004\110\004\070}{section.36}% 108
\BOOKMARK [2][]{subsection.36.2}{\376\377\004\036\004\077\004\100\004\065\004\064\004\065\004\073\004\121\004\075\004\075\004\113\004\071\000\040\004\070\004\075\004\102\004\065\004\063\004\100\004\060\004\073}{section.36}% 109
\BOOKMARK [2][]{subsection.36.3}{\376\377\004\041\004\060\004\074\004\113\004\065\000\040\004\077\004\100\004\076\004\101\004\102\004\113\004\065\000\040\004\101\004\062\004\076\004\071\004\101\004\102\004\062\004\060}{section.36}% 110
\BOOKMARK [1][]{section.37}{\376\377\004\030\004\075\004\102\004\065\004\063\004\100\004\070\004\100\004\103\004\065\004\074\004\076\004\101\004\102\004\114\000\040\004\077\004\076\000\040\004\040\004\070\004\074\004\060\004\075\004\103}{part.2}% 111
\BOOKMARK [1][]{section.38}{\376\377\004\032\004\100\004\070\004\102\004\065\004\100\004\070\004\070\000\040\004\070\004\075\004\102\004\065\004\063\004\100\004\070\004\100\004\103\004\065\004\074\004\076\004\101\004\102\004\070}{part.2}% 112
\BOOKMARK [1][]{section.39}{\376\377\004\030\004\075\004\102\004\065\004\063\004\100\004\060\004\073\004\113\000\040\004\040\004\070\004\074\004\060\004\075\004\060\000\040\004\070\000\040\004\070\004\075\004\102\004\065\004\063\004\100\004\060\004\073\004\113\000\040\004\024\004\060\004\100\004\061\004\103}{part.2}% 113
\BOOKMARK [1][]{section.40}{\376\377\004\056\004\061\004\070\004\073\004\065\004\071\004\075\004\060\004\117}{part.2}% 114
\BOOKMARK [1][]{section.41}{\376\377\004\037\004\100\004\070\004\073\004\076\004\066\004\065\004\075\004\070\004\117\000\040\004\070\004\075\004\102\004\065\004\063\004\100\004\060\004\073\004\060\000\040\004\040\004\070\004\074\004\060\004\075\004\060}{part.2}% 115
\BOOKMARK [2][]{subsection.41.1}{\376\377\004\034\004\076\004\102\004\070\004\062\004\070\004\100\004\076\004\062\004\076\004\107\004\075\004\060\004\117\000\040\004\107\004\060\004\101\004\102\004\114}{section.41}% 116
\BOOKMARK [2][]{subsection.41.2}{\376\377\004\024\004\073\004\070\004\075\004\060\000\040\004\064\004\103\004\063\004\070\000\040\004\072\004\100\004\070\004\062\004\076\004\071}{section.41}% 117
\BOOKMARK [1][]{section.42}{\376\377\004\025\004\111\004\121\000\040\004\077\004\100\004\070\004\073\004\076\004\066\004\065\004\075\004\070\004\117\000\040\004\070\000\040\004\076\004\101\004\075\004\076\004\062\004\075\004\060\004\117\000\040\004\102\004\065\004\076\004\100\004\065\004\074\004\060}{part.2}% 118
\BOOKMARK [1][]{section.43}{\376\377\004\025\004\111\004\121\000\040\004\076\004\101\004\075\004\076\004\062\004\075\004\060\004\117\000\040\004\102\004\065\004\076\004\100\004\065\004\074\004\060\000\040\004\070\000\040\004\075\004\065\004\101\004\076\004\061\004\101\004\102\004\062\004\065\004\075\004\075\004\113\004\071\000\040\004\070\004\075\004\102\004\065\004\063\004\100\004\060\004\073}{part.2}% 119
\BOOKMARK [2][]{subsection.43.1}{\376\377\004\034\004\076\004\102\004\070\004\062\004\070\004\100\004\076\004\062\004\072\004\060\000\040\004\072\000\040\004\075\004\076\004\062\004\076\004\071\000\040\004\102\004\065\004\074\004\065}{section.43}% 120
\BOOKMARK [2][]{subsection.43.2}{\376\377\004\035\004\065\004\101\004\076\004\061\004\101\004\102\004\062\004\065\004\075\004\075\004\113\004\071\000\040\004\070\004\075\004\102\004\065\004\063\004\100\004\060\004\073\000\040\004\040\004\070\004\074\004\060\004\075\004\060}{section.43}% 121
\BOOKMARK [1][]{section.44}{\376\377\004\035\004\065\004\101\004\076\004\061\004\101\004\102\004\062\004\065\004\075\004\075\004\113\004\065\000\040\004\070\004\075\004\102\004\065\004\063\004\100\004\060\004\073\004\113}{part.2}% 122
\BOOKMARK [2][]{subsection.44.1}{\376\377\004\032\004\100\004\070\004\102\004\065\004\100\004\070\004\071\000\040\004\032\004\076\004\110\004\070}{section.44}% 123
\BOOKMARK [2][]{subsection.44.2}{\376\377\004\037\004\100\004\070\004\067\004\075\004\060\004\072\004\070}{section.44}% 124
\BOOKMARK [1][]{section.45}{\376\377\004\037\004\100\004\070\004\067\004\075\004\060\004\072\000\040\004\020\004\061\004\065\004\073\004\117\000.\000\040\004\030\004\075\004\102\004\065\004\063\004\100\004\060\004\073\004\113\000\040\004\041\004\102\004\070\004\073\004\102\004\114\004\065\004\101\004\060}{part.2}% 125
\BOOKMARK [2][]{subsection.45.1}{\376\377\004\030\004\075\004\102\004\065\004\063\004\100\004\060\004\073\004\113\000\040\004\040\004\070\004\074\004\060\004\075\004\060\040\023\000\040\004\041\004\102\004\070\004\073\004\102\004\114\004\065\004\101\004\060}{section.45}% 126
\BOOKMARK [0][]{part.3}{\376\377\000I\000I\000I\000\040\004\034\004\075\004\076\004\063\004\076\004\074\004\065\004\100\004\075\004\113\004\071\000\040\004\060\004\075\004\060\004\073\004\070\004\067}{}% 127
\BOOKMARK [1][]{section.46}{\376\377\004\035\004\076\004\062\004\113\004\065\000\040\004\074\004\075\004\076\004\066\004\065\004\101\004\102\004\062\004\060\000\040\004\070\000\040\004\101\004\102\004\100\004\103\004\072\004\102\004\103\004\100\004\113}{part.3}% 128
\BOOKMARK [2][]{subsection.46.1}{\376\377\004\034\004\065\004\102\004\100\004\070\004\107\004\065\004\101\004\072\004\076\004\065\000\040\004\077\004\100\004\076\004\101\004\102\004\100\004\060\004\075\004\101\004\102\004\062\004\076}{section.46}% 129
\BOOKMARK [2][]{subsection.46.2}{\376\377\004\035\004\076\004\100\004\074\004\060}{section.46}% 130
\BOOKMARK [2][]{subsection.46.3}{\376\377\004\041\004\072\004\060\004\073\004\117\004\100\004\075\004\076\004\065\000\040\004\077\004\100\004\076\004\070\004\067\004\062\004\065\004\064\004\065\004\075\004\070\004\065}{section.46}% 131
\BOOKMARK [1][]{section.47}{\376\377\004\037\004\076\004\101\004\073\004\065\004\064\004\076\004\062\004\060\004\102\004\065\004\073\004\114\004\075\004\076\004\101\004\102\004\070\000\040\004\062\000\040\004\074\004\065\004\102\004\100\004\070\004\107\004\065\004\101\004\072\004\076\004\074\000\040\004\077\004\100\004\076\004\101\004\102\004\100\004\060\004\075\004\101\004\102\004\062\004\065}{part.3}% 132
\BOOKMARK [2][]{subsection.47.1}{\376\377\004\032\004\100\004\060\004\102\004\072\004\076\004\065\000\040\004\101\004\076\004\064\004\065\004\100\004\066\004\060\004\075\004\070\004\065\000\040\004\077\004\100\004\076\004\110\004\073\004\076\004\071\000\040\004\101\004\065\004\100\004\070\004\070}{section.47}% 133
\BOOKMARK [2][]{subsection.47.2}{\376\377\004\020\004\075\004\060\004\073\004\076\004\063\000\040\004\076\004\072\004\100\004\065\004\101\004\102\004\075\004\076\004\101\004\102\004\070}{section.47}% 134
\BOOKMARK [2][]{subsection.47.3}{\376\377\004\037\004\065\004\100\004\065\004\105\004\076\004\064\000\040\004\072\000\040\004\072\004\076\004\076\004\100\004\064\004\070\004\075\004\060\004\102\004\060\004\074}{section.47}% 135
\BOOKMARK [1][]{section.48}{\376\377\004\037\004\100\004\065\004\064\004\065\004\073\000\040\004\104\004\103\004\075\004\072\004\106\004\070\004\070\000\040\004\074\004\075\004\076\004\063\004\070\004\105\000\040\004\077\004\065\004\100\004\065\004\074\004\065\004\075\004\075\004\113\004\105}{part.3}% 136
\BOOKMARK [2][]{subsection.48.1}{\376\377\004\022\004\065\004\072\004\102\004\076\004\100\004\075\004\113\004\065\000\040\004\076\004\102\004\076\004\061\004\100\004\060\004\066\004\065\004\075\004\070\004\117}{section.48}% 137
\BOOKMARK [1][]{section.49}{\376\377\004\023\004\073\004\076\004\061\004\060\004\073\004\114\004\075\004\113\004\065\000\040\004\101\004\062\004\076\004\071\004\101\004\102\004\062\004\060\000\040\004\104\004\103\004\075\004\072\004\106\004\070\004\070\000\040\004\062\004\065\004\072\004\102\004\076\004\100\004\075\004\076\004\063\004\076\000\040\004\060\004\100\004\063\004\103\004\074\004\065\004\075\004\102\004\060}{part.3}% 138
\BOOKMARK [2][]{subsection.49.1}{\376\377\004\024\004\070\004\104\004\104\004\065\004\100\004\065\004\075\004\106\004\070\004\060\004\073}{section.49}% 139
\BOOKMARK [1][]{section.50}{\376\377\004\044\004\103\004\075\004\072\004\106\004\070\004\070\000\040\004\064\004\062\004\103\004\105\000\040\004\070\000\040\004\102\004\100\004\121\004\105\000\040\004\077\004\065\004\100\004\065\004\074\004\065\004\075\004\075\004\113\004\105}{part.3}% 140
\BOOKMARK [2][]{subsection.50.1}{\376\377\004\024\004\062\004\076\004\071\004\075\004\113\004\065\000\040\004\070\000\040\004\077\004\076\004\062\004\102\004\076\004\100\004\075\004\113\004\065\000\040\004\077\004\100\004\065\004\064\004\065\004\073\004\113}{section.50}% 141
\BOOKMARK [2][]{subsection.50.2}{\376\377\004\024\004\070\004\104\004\104\004\065\004\100\004\065\004\075\004\106\004\070\004\100\004\103\004\065\004\074\004\076\004\101\004\102\004\114\000\040\004\062\000\040\004\100\004\060\004\074\004\072\004\060\004\105\000\040\004\074\004\076\004\064\004\065\004\073\004\070\000\040\004\101\000\040\004\102\004\100\004\065\004\074\004\117\000\040\004\077\004\065\004\100\004\065\004\074\004\065\004\075\004\075\004\113\004\074\004\070}{section.50}% 142
\BOOKMARK [2][]{subsection.50.3}{\376\377\004\024\004\076\004\101\004\102\004\060\004\102\004\076\004\107\004\075\004\076\004\065\000\040\004\103\004\101\004\073\004\076\004\062\004\070\004\065\000\040\004\064\004\070\004\104\004\104\004\065\004\100\004\065\004\075\004\106\004\070\004\100\004\103\004\065\004\074\004\076\004\101\004\102\004\070}{section.50}% 143
\BOOKMARK [2][]{subsection.50.4}{\376\377\004\037\004\100\004\076\004\070\004\067\004\062\004\076\004\064\004\075\004\060\004\117\000\040\004\077\004\076\000\040\004\075\004\060\004\077\004\100\004\060\004\062\004\073\004\065\004\075\004\070\004\116}{section.50}% 144
\BOOKMARK [1][]{section.51}{\376\377\004\024\004\070\004\104\004\104\004\065\004\100\004\065\004\075\004\106\004\070\004\060\004\073\000\040\004\072\004\076\004\074\004\077\004\076\004\067\004\070\004\106\004\070\004\070}{part.3}% 145
\BOOKMARK [2][]{subsection.51.1}{\376\377\004\040\004\060\004\101\004\101\004\103\004\066\004\064\004\065\004\075\004\070\004\065\000\040\004\062\000\040\004\077\004\100\004\117\004\074\004\103\004\116\000\040\004\101\004\102\004\076\004\100\004\076\004\075\004\103}{section.51}% 146
\BOOKMARK [2][]{subsection.51.2}{\376\377\004\032\004\060\004\101\004\060\004\102\004\065\004\073\004\114\004\075\004\060\004\117\000\040\004\077\004\073\004\076\004\101\004\072\004\076\004\101\004\102\004\114}{section.51}% 147
\BOOKMARK [2][]{subsection.51.3}{\376\377\004\032\004\060\004\101\004\060\004\102\004\065\004\073\004\114\004\075\004\060\004\117\000\040\004\077\004\073\004\076\004\101\004\072\004\076\004\101\004\102\004\114\000\040\004\104\004\103\004\075\004\072\004\106\004\070\004\070\000\040\004\102\004\100\004\121\004\105\000\040\004\077\004\065\004\100\004\065\004\074\004\065\004\075\004\075\004\113\004\105\000\040\004\070\000\040\004\070\004\075\004\062\004\060\004\100\004\070\004\060\004\075\004\102\004\075\004\076\004\101\004\102\004\114\000\040\004\077\004\065\004\100\004\062\004\076\004\063\004\076\000\040\004\064\004\070\004\104\004\104\004\065\004\100\004\065\004\075\004\106\004\070\004\060\004\073\004\060}{section.51}% 148
\BOOKMARK [1][]{section.52}{\376\377\004\047\004\060\004\101\004\102\004\075\004\113\004\065\000\040\004\077\004\100\004\076\004\070\004\067\004\062\004\076\004\064\004\075\004\113\004\065\000\040\004\070\000\040\004\064\004\070\004\104\004\104\004\065\004\100\004\065\004\075\004\106\004\070\004\060\004\073\000\040\004\062\004\113\004\101\004\110\004\070\004\105\000\040\004\077\004\076\004\100\004\117\004\064\004\072\004\076\004\062}{part.3}% 149
\BOOKMARK [2][]{subsection.52.1}{\376\377\004\047\004\060\004\101\004\102\004\075\004\113\004\065\000\040\004\077\004\100\004\076\004\070\004\067\004\062\004\076\004\064\004\075\004\113\004\065\000\040\004\062\004\113\004\101\004\110\004\070\004\105\000\040\004\077\004\076\004\100\004\117\004\064\004\072\004\076\004\062}{section.52}% 150
\BOOKMARK [2][]{subsection.52.2}{\376\377\004\024\004\070\004\104\004\104\004\065\004\100\004\065\004\075\004\106\004\070\004\060\004\073\000\040\004\062\004\113\004\101\004\110\004\070\004\105\000\040\004\077\004\076\004\100\004\117\004\064\004\072\004\076\004\062}{section.52}% 151
\BOOKMARK [1][]{section.53}{\376\377\004\044\004\076\004\100\004\074\004\103\004\073\004\060\000\040\004\042\004\065\004\071\004\073\004\076\004\100\004\060\000,\000\040\004\073\004\076\004\072\004\060\004\073\004\114\004\075\004\113\004\065\000\040\004\115\004\072\004\101\004\102\004\100\004\065\004\074\004\103\004\074\004\113}{part.3}% 152
\BOOKMARK [2][]{subsection.53.1}{\376\377\004\036\000\040\004\062\004\113\004\101\004\110\004\070\004\105\000\040\004\077\004\076\004\100\004\117\004\064\004\072\004\060\004\105}{section.53}% 153
\BOOKMARK [2][]{subsection.53.2}{\376\377\004\044\004\076\004\100\004\074\004\103\004\073\004\060\000\040\004\042\004\065\004\071\004\073\004\076\004\100\004\060\000\040\004\101\000\040\004\076\004\101\004\102\004\060\004\102\004\076\004\107\004\075\004\113\004\074\000\040\004\107\004\073\004\065\004\075\004\076\004\074\000\040\004\062\000\040\004\104\004\076\004\100\004\074\004\065\000\040\004\033\004\060\004\063\004\100\004\060\004\075\004\066\004\060}{section.53}% 154
\BOOKMARK [2][]{subsection.53.3}{\376\377\004\033\004\076\004\072\004\060\004\073\004\114\004\075\004\113\004\065\000\040\004\115\004\072\004\101\004\102\004\100\004\065\004\074\004\103\004\074\004\113}{section.53}% 155
\BOOKMARK [1][]{section.54}{\376\377\004\035\004\065\004\117\004\062\004\075\004\113\004\065\000\040\004\104\004\103\004\075\004\072\004\106\004\070\004\070}{part.3}% 156
