\BOOKMARK [0][]{part.1}{\376\377\000I\000\040\004\037\004\065\004\100\004\062\004\113\004\071\000\040\004\076\004\101\004\065\004\075\004\075\004\070\004\071\000\040\004\101\004\065\004\074\004\065\004\101\004\102\004\100}{}% 1
\BOOKMARK [1][]{section.1}{\376\377\004\034\004\075\004\076\004\066\004\065\004\101\004\102\004\062\004\060\000\040\004\070\000\040\004\076\004\077\004\065\004\100\004\060\004\106\004\070\004\070\000\040\004\075\004\060\004\064\000\040\004\074\004\075\004\076\004\066\004\065\004\101\004\102\004\062\004\060\004\074\004\070}{part.1}% 2
\BOOKMARK [2][]{subsection.1.1}{\376\377\004\047\004\121\004\100\004\075\004\113\004\071\000\040\004\117\004\111\004\070\004\072\000\040\004\076\004\102\004\062\004\065\004\107\004\060\004\065\004\102\000\040\004\075\004\060\000\040\004\062\004\076\004\077\004\100\004\076\004\101\004\113}{section.1}% 3
\BOOKMARK [3][]{subsubsection.1.1.1}{\376\377\004\041\004\077\004\076\004\101\004\076\004\061\004\113\000\040\004\067\004\060\004\064\004\060\004\102\004\114\000\040\004\074\004\075\004\076\004\066\004\065\004\101\004\102\004\062\004\076}{subsection.1.1}% 4
\BOOKMARK [3][]{subsubsection.1.1.2}{\376\377\004\047\004\102\004\076\000\040\004\103\000\040\004\074\004\075\004\076\004\066\004\065\004\101\004\102\004\062\004\060\000\040\004\074\004\076\004\066\004\075\004\076\000\040\004\101\004\077\004\100\004\076\004\101\004\070\004\102\004\114}{subsection.1.1}% 5
\BOOKMARK [1][]{section.2}{\376\377\004\041\004\076\004\062\004\076\004\072\004\103\004\077\004\075\004\076\004\101\004\102\004\070\000\040\004\074\004\075\004\076\004\066\004\065\004\101\004\102\004\062\000\040\004\070\000\040\004\077\004\060\004\100\004\113}{part.1}% 6
\BOOKMARK [2][]{subsection.2.1}{\376\377\004\037\004\100\004\060\004\062\004\070\004\073\004\060\000\040\004\034\004\076\004\100\004\063\004\060\004\075\004\060}{section.2}% 7
\BOOKMARK [2][]{subsection.2.2}{\376\377\004\047\004\102\004\076\000\040\004\064\004\065\004\073\004\060\004\102\004\114\000\040\004\101\000\040\004\077\004\076\004\075\004\117\004\102\004\070\004\065\004\074\000\040\004\104\004\103\004\075\004\072\004\106\004\070\004\070}{section.2}% 8
\BOOKMARK [3][]{subsubsection.2.2.1}{\376\377\004\041\004\062\004\076\004\071\004\101\004\102\004\062\004\076\000\040\004\064\004\065\004\072\004\060\004\100\004\102\004\076\004\062\004\060\000\040\004\077\004\100\004\076\004\070\004\067\004\062\004\065\004\064\004\065\004\075\004\070\004\117}{subsection.2.2}% 9
\BOOKMARK [1][]{section.3}{\376\377\004\036\004\102\004\075\004\076\004\110\004\065\004\075\004\070\004\117}{part.1}% 10
\BOOKMARK [1][]{section.4}{\376\377\004\035\004\060\004\107\004\070\004\075\004\060\004\065\004\074\000\040\004\063\004\076\004\062\004\076\004\100\004\070\004\102\004\114\000\040\004\076\000\040\004\107\004\070\004\101\004\073\004\060\004\105}{part.1}% 11
\BOOKMARK [2][]{subsection.4.1}{\376\377\004\020\004\072\004\101\004\070\004\076\004\074\004\113\000\040\004\037\004\065\004\060\004\075\004\076}{section.4}% 12
\BOOKMARK [2][]{subsection.4.2}{\376\377\004\042\004\065\004\077\004\065\004\100\004\114\000\040\004\074\004\060\004\102\004\065\004\074\004\060\004\102\004\070\004\107\004\065\004\101\004\072\004\060\004\117\000\040\004\070\004\075\004\064\004\103\004\072\004\106\004\070\004\117\000\040\004\075\004\060\000\040\004\077\004\060\004\073\004\114\004\106\004\060\004\105}{section.4}% 13
\BOOKMARK [1][]{section.5}{\376\377\004\036\004\077\004\100\004\065\004\064\004\065\004\073\004\065\004\075\004\070\004\065\000\040\004\076\004\077\004\065\004\100\004\060\004\106\004\070\004\071}{part.1}% 14
\BOOKMARK [2][]{subsection.5.1}{\376\377\004\046\004\065\004\073\004\113\004\065\000\040\004\107\004\070\004\101\004\073\004\060}{section.5}% 15
\BOOKMARK [2][]{subsection.5.2}{\376\377\004\040\004\060\004\106\004\070\004\076\004\075\004\060\004\073\004\114\004\075\004\113\004\065\000\040\004\107\004\070\004\101\004\073\004\060}{section.5}% 16
\BOOKMARK [3][]{subsubsection.5.2.1}{\376\377\004\041\004\062\004\076\004\071\004\101\004\102\004\062\004\060\000\040\004\100\004\060\004\106\004\070\004\076\004\075\004\060\004\073\004\114\004\075\004\113\004\105\000\040\004\107\004\070\004\101\004\065\004\073}{subsection.5.2}% 17
\BOOKMARK [2][]{subsection.5.3}{\376\377\004\024\004\065\004\071\004\101\004\102\004\062\004\070\004\102\004\065\004\073\004\114\004\075\004\113\004\065\000\040\004\107\004\070\004\101\004\073\004\060\000,\000\040\004\060\004\072\004\101\004\070\004\076\004\074\004\060\000\040\004\024\004\065\004\064\004\065\004\072\004\070\004\075\004\064\004\060}{section.5}% 18
\BOOKMARK [1][]{section.6}{\376\377\004\036\000\040\004\077\004\076\004\073\004\075\004\076\004\102\004\065}{part.1}% 19
\BOOKMARK [2][]{subsection.6.1}{\376\377\004\040\004\060\004\101\004\110\004\070\004\100\004\065\004\075\004\075\004\060\004\117\000\040\004\107\004\070\004\101\004\073\004\076\004\062\004\060\004\117\000\040\004\077\004\100\004\117\004\074\004\060\004\117}{section.6}% 20
\BOOKMARK [2][]{subsection.6.2}{\376\377\004\037\004\076\004\101\004\073\004\065\004\064\004\076\004\062\004\060\004\102\004\065\004\073\004\114\004\075\004\076\004\101\004\102\004\114\000.\000\040\004\022\004\073\004\076\004\066\004\065\004\075\004\075\004\113\004\065\000\040\004\076\004\102\004\100\004\065\004\067\004\072\004\070}{section.6}% 21
\BOOKMARK [1][]{section.7}{\376\377\004\041\004\100\004\060\004\062\004\075\004\065\004\075\004\070\004\065\000\040\004\074\004\076\004\111\004\075\004\076\004\101\004\102\004\065\004\071}{part.1}% 22
\BOOKMARK [1][]{section.8}{\376\377\004\021\004\065\004\101\004\072\004\076\004\075\004\065\004\107\004\075\004\113\004\065\000\040\004\074\004\075\004\076\004\066\004\065\004\101\004\102\004\062\004\060}{part.1}% 23
\BOOKMARK [1][]{section.9}{\376\377\004\036\000\040\004\102\004\076\004\107\004\072\004\060\004\105}{part.1}% 24
\BOOKMARK [2][]{subsection.9.1}{\376\377\004\020\000\040\004\102\004\065\004\077\004\065\004\100\004\114\000\040\004\100\004\060\004\101\004\101\004\074\004\076\004\102\004\100\004\070\004\074\000\040\004\077\004\076\004\064\004\074\004\075\004\076\004\066\004\065\004\101\004\102\004\062\004\060\000\040\004\100\004\060\004\101\004\110\004\070\004\100\004\065\004\075\004\075\004\076\004\071\000\040\004\077\004\100\004\117\004\074\004\076\004\071}{section.9}% 25
\BOOKMARK [3][]{subsubsection.9.1.1}{\376\377\004\041\004\062\004\076\004\071\004\101\004\102\004\062\004\060}{subsection.9.1}% 26
\BOOKMARK [1][]{section.10}{\376\377\004\042\004\065\004\076\004\100\004\065\004\074\004\060\000\040\004\021\004\076\004\073\004\114\004\106\004\060\004\075\004\076\040\023\000\040\004\022\004\065\004\071\004\065\004\100\004\110\004\102\004\100\004\060\004\101\004\101\004\060}{part.1}% 27
\BOOKMARK [1][]{section.11}{\376\377\004\036\000\040\004\077\004\076\004\101\004\073\004\065\004\064\004\076\004\062\004\060\004\102\004\065\004\073\004\114\004\075\004\076\004\101\004\102\004\117\004\105}{part.1}% 28
\BOOKMARK [2][]{subsection.11.1}{\376\377\004\036\004\077\004\100\004\065\004\064\004\065\004\073\004\065\004\075\004\070\004\065\000\040\004\077\004\100\004\065\004\064\004\065\004\073\004\060\000\040\004\070\000\040\004\065\004\063\004\076\000\040\004\065\004\064\004\070\004\075\004\101\004\102\004\062\004\065\004\075\004\075\004\076\004\101\004\102\004\114}{section.11}% 29
\BOOKMARK [2][]{subsection.11.2}{\376\377\004\045\004\062\004\076\004\101\004\102\004\113}{section.11}% 30
\BOOKMARK [2][]{subsection.11.3}{\376\377\004\020\004\100\004\070\004\104\004\074\004\065\004\102\004\070\004\107\004\065\004\101\004\072\004\070\004\065\000\040\004\101\004\062\004\076\004\071\004\101\004\102\004\062\004\060\000\040\004\077\004\100\004\065\004\064\004\065\004\073\004\060}{section.11}% 31
\BOOKMARK [3][]{subsubsection.11.3.1}{\376\377\004\021\004\076\004\100\004\114\004\061\004\060\000\040\004\064\004\076\004\061\004\100\004\060\000\040\004\101\004\076\000\040\004\067\004\073\004\076\004\074}{subsection.11.3}% 32
\BOOKMARK [1][]{section.12}{\376\377\004\036\000-\004\101\004\070\004\074\004\062\004\076\004\073\004\070\004\072\004\060}{part.1}% 33
\BOOKMARK [2][]{subsection.12.1}{\376\377\004\041\004\062\004\076\004\071\004\101\004\102\004\062\004\060}{section.12}% 34
\BOOKMARK [2][]{subsection.12.2}{\376\377\004\032\004\100\004\070\004\102\004\065\004\100\004\070\004\071\000\040\004\032\004\076\004\110\004\070}{section.12}% 35
\BOOKMARK [2][]{subsection.12.3}{\376\377\004\024\004\100\004\103\004\063\004\060\004\117\000\040\004\104\004\076\004\100\004\074\004\103\004\073\004\070\004\100\004\076\004\062\004\072\004\060}{section.12}% 36
\BOOKMARK [1][]{section.13}{\376\377\004\032\004\100\004\070\004\102\004\065\004\100\004\070\004\071\000\040\004\032\004\076\004\110\004\070}{part.1}% 37
\BOOKMARK [2][]{subsection.13.1}{\376\377\004\035\004\065\004\102\004\100\004\070\004\062\004\070\004\060\004\073\004\114\004\075\004\060\004\117\000\040\004\107\004\060\004\101\004\102\004\114\000\040\004\064\004\076\004\072\004\060\004\067\004\060\004\102\004\065\004\073\004\114\004\101\004\102\004\062\004\060\000\040\004\072\004\100\004\070\004\102\004\065\004\100\004\070\004\117}{section.13}% 38
\BOOKMARK [2][]{subsection.13.2}{\376\377\004\021\004\060\004\067\004\076\004\062\004\113\004\065\000\040\004\077\004\100\004\070\004\074\004\065\004\100\004\113}{section.13}% 39
\BOOKMARK [1][]{section.14}{\376\377\004\036\000\040\004\107\004\070\004\101\004\073\004\065\000\040\004\055\004\071\004\073\004\065\004\100\004\060}{part.1}% 40
\BOOKMARK [1][]{section.15}{\376\377\004\055\004\072\004\062\004\070\004\062\004\060\004\073\004\065\004\075\004\102\004\075\004\113\004\065\000\040\004\076\004\077\004\100\004\065\004\064\004\065\004\073\004\065\004\075\004\070\004\117\000\040\004\107\004\060\004\101\004\102\004\070\004\107\004\075\004\113\004\105\000\040\004\077\004\100\004\065\004\064\004\065\004\073\004\076\004\062}{part.1}% 41
\BOOKMARK [1][]{section.16}{\376\377\004\044\004\103\004\075\004\072\004\106\004\070\004\070\000.\000\040\004\036\004\077\004\100\004\065\004\064\004\065\004\073\004\065\004\075\004\070\004\117\000\040\004\077\004\100\004\065\004\064\004\065\004\073\004\060\000\040\004\104\004\103\004\075\004\072\004\106\004\070\004\070}{part.1}% 42
\BOOKMARK [2][]{subsection.16.1}{\376\377\004\027\004\060\004\062\004\065\004\100\004\110\004\065\004\075\004\070\004\065\000\040\004\061\004\065\004\101\004\065\004\064\004\113\000\040\004\076\000\040\004\077\004\076\004\101\004\073\004\065\004\064\004\076\004\062\004\060\004\102\004\065\004\073\004\114\004\075\004\076\004\101\004\102\004\117\004\105}{section.16}% 43
\BOOKMARK [2][]{subsection.16.2}{\376\377\004\024\004\065\004\071\004\101\004\102\004\062\004\070\004\102\004\065\004\073\004\114\004\075\004\076\004\067\004\075\004\060\004\107\004\075\004\060\004\117\000\040\004\104\004\103\004\075\004\072\004\106\004\070\004\117\000\040\004\064\004\065\004\071\004\101\004\102\004\062\004\070\004\102\004\065\004\073\004\114\004\075\004\076\004\063\004\076\000\040\004\077\004\065\004\100\004\065\004\074\004\065\004\075\004\075\004\076\004\063\004\076}{section.16}% 44
\BOOKMARK [2][]{subsection.16.3}{\376\377\004\036\004\077\004\100\004\065\004\064\004\065\004\073\004\065\004\075\004\070\004\065\000\040\004\077\004\100\004\065\004\064\004\065\004\073\004\060\000\040\004\104\004\103\004\075\004\072\004\106\004\070\004\070\000\040\004\077\004\076\000\040\004\032\004\076\004\110\004\070}{section.16}% 45
\BOOKMARK [2][]{subsection.16.4}{\376\377\004\036\004\077\004\100\004\065\004\064\004\065\004\073\004\065\004\075\004\070\004\065\000\040\004\077\004\100\004\065\004\064\004\065\004\073\004\060\000\040\004\104\004\103\004\075\004\072\004\106\004\070\004\070\000\040\004\077\004\076\000\040\004\023\004\065\004\071\004\075\004\065}{section.16}% 46
\BOOKMARK [2][]{subsection.16.5}{\376\377\004\020\004\100\004\070\004\104\004\074\004\065\004\102\004\070\004\107\004\065\004\101\004\072\004\070\004\065\000\040\004\101\004\062\004\076\004\071\004\101\004\102\004\062\004\060\000\040\004\077\004\100\004\065\004\064\004\065\004\073\004\060\000\040\004\104\004\103\004\075\004\072\004\106\004\070\004\070}{section.16}% 47
\BOOKMARK [1][]{section.17}{\376\377\004\032\004\100\004\070\004\102\004\065\004\100\004\070\004\071\000\040\004\032\004\076\004\110\004\070\000\040\004\064\004\073\004\117\000\040\004\077\004\100\004\065\004\064\004\065\004\073\004\060\000\040\004\104\004\103\004\075\004\072\004\106\004\070\004\070}{part.1}% 48
\BOOKMARK [2][]{subsection.17.1}{\376\377\004\044\004\103\004\075\004\072\004\106\004\070\004\117\000\040\004\064\004\065\004\071\004\101\004\102\004\062\004\070\004\102\004\065\004\073\004\114\004\075\004\076\004\071\000\040\004\077\004\065\004\100\004\065\004\074\004\065\004\075\004\075\004\076\004\071}{section.17}% 49
\BOOKMARK [2][]{subsection.17.2}{\376\377\004\032\004\100\004\070\004\102\004\065\004\100\004\070\004\071\000\040\004\032\004\076\004\110\004\070\000.\000\040\004\041\004\103\004\111\004\065\004\101\004\102\004\062\004\076\004\062\004\060\004\075\004\070\004\065\000\040\004\077\004\100\004\065\004\064\004\065\004\073\004\060}{section.17}% 50
\BOOKMARK [2][]{subsection.17.3}{\376\377\004\037\004\100\004\065\004\064\004\065\004\073\000\040\004\077\004\076\000\040\004\074\004\075\004\076\004\066\004\065\004\101\004\102\004\062\004\103}{section.17}% 51
\BOOKMARK [2][]{subsection.17.4}{\376\377\004\037\004\100\004\070\004\074\004\065\004\100\004\107\004\070\004\072}{section.17}% 52
\BOOKMARK [1][]{section.18}{\376\377\004\035\004\065\004\077\004\100\004\065\004\100\004\113\004\062\004\075\004\076\004\101\004\102\004\114}{part.1}% 53
\BOOKMARK [2][]{subsection.18.1}{\376\377\004\042\004\065\004\076\004\100\004\065\004\074\004\060\000\040\004\076\000\040\004\077\004\100\004\065\004\064\004\065\004\073\004\065\000\040\004\072\004\076\004\074\004\077\004\076\004\067\004\070\004\106\004\070\004\070}{section.18}% 54
\BOOKMARK [2][]{subsection.18.2}{\376\377\004\035\004\065\004\077\004\100\004\065\004\100\004\113\004\062\004\075\004\076\004\101\004\102\004\114}{section.18}% 55
\BOOKMARK [1][]{section.19}{\376\377\004\041\004\062\004\076\004\071\004\101\004\102\004\062\004\060\000\040\004\075\004\065\004\077\004\100\004\065\004\100\004\113\004\062\004\075\004\113\004\105\000\040\004\104\004\103\004\075\004\072\004\106\004\070\004\071\000.\000\040\004\040\004\060\004\062\004\075\004\076\004\074\004\065\004\100\004\075\004\060\004\117\000\040\004\075\004\065\004\077\004\100\004\065\004\100\004\113\004\062\004\075\004\076\004\101\004\102\004\114}{part.1}% 56
\BOOKMARK [1][]{section.20}{\376\377\004\040\004\060\004\067\004\100\004\113\004\062\004\113\000.\000\040\004\034\004\076\004\064\004\103\004\073\004\114\000\040\004\075\004\065\004\077\004\100\004\065\004\100\004\113\004\062\004\075\004\076\004\101\004\102\004\070}{part.1}% 57
\BOOKMARK [2][]{subsection.20.1}{\376\377\004\032\004\073\004\060\004\101\004\101\004\070\004\104\004\070\004\072\004\060\004\106\004\070\004\117\000\040\004\102\004\076\004\107\004\065\004\072\000\040\004\100\004\060\004\067\004\100\004\113\004\062\004\060}{section.20}% 58
\BOOKMARK [2][]{subsection.20.2}{\376\377\004\034\004\076\004\064\004\103\004\073\004\114\000\040\004\075\004\065\004\077\004\100\004\065\004\100\004\113\004\062\004\075\004\076\004\101\004\102\004\070\000.}{section.20}% 59
\BOOKMARK [1][]{section.21}{\376\377\004\035\004\065\004\077\004\100\004\065\004\100\004\113\004\062\004\075\004\076\004\101\004\102\004\114\000\040\004\070\000\040\004\074\004\076\004\075\004\076\004\102\004\076\004\075\004\075\004\076\004\101\004\102\004\114\000.\000\040\004\035\004\076\004\062\004\113\004\065\000\040\004\104\004\103\004\075\004\072\004\106\004\070\004\070}{part.1}% 60
\BOOKMARK [2][]{subsection.21.1}{\376\377\004\032\004\060\004\072\000\040\004\101\004\062\004\117\004\067\004\060\004\075\004\113\000\040\004\101\004\062\004\076\004\071\004\101\004\102\004\062\004\060\000\040\004\075\004\065\004\077\004\100\004\065\004\100\004\113\004\062\004\075\004\076\004\101\004\102\004\070\000\040\004\070\000\040\004\074\004\076\004\075\004\076\004\102\004\076\004\075\004\075\004\076\004\101\004\102\004\070}{section.21}% 61
\BOOKMARK [2][]{subsection.21.2}{\376\377\004\022\004\062\004\065\004\064\004\065\004\075\004\070\004\065\000\040\004\104\004\103\004\075\004\072\004\106\004\070\004\071}{section.21}% 62
\BOOKMARK [1][]{section.22}{\376\377\004\030\004\100\004\100\004\060\004\106\004\070\004\076\004\075\004\060\004\073\004\114\004\075\004\113\004\065\000\040\004\077\004\076\004\072\004\060\004\067\004\060\004\102\004\065\004\073\004\070}{part.1}% 63
\BOOKMARK [2][]{subsection.22.1}{\376\377\000O\000-\004\101\004\070\004\074\004\062\004\076\004\073\004\070\004\072\004\060}{section.22}% 64
\BOOKMARK [1][]{section.23}{\376\377\004\027\004\060\004\074\004\065\004\107\004\060\004\102\004\065\004\073\004\114\004\075\004\113\004\065\000\040\004\077\004\100\004\065\004\064\004\065\004\073\004\113\000.\000\040\004\037\004\100\004\076\004\070\004\067\004\062\004\076\004\064\004\075\004\113\004\065}{part.1}% 65
\BOOKMARK [2][]{subsection.23.1}{\376\377\004\037\004\065\004\100\004\062\004\113\004\071\000\040\004\067\004\060\004\074\004\065\004\107\004\060\004\102\004\065\004\073\004\114\004\075\004\113\004\071\000\040\004\077\004\100\004\065\004\064\004\065\004\073\000.}{section.23}% 66
\BOOKMARK [2][]{subsection.23.2}{\376\377\004\022\004\102\004\076\004\100\004\076\004\071\000\040\004\067\004\060\004\074\004\065\004\107\004\060\004\102\004\065\004\073\004\114\004\075\004\113\004\071\000\040\004\077\004\100\004\065\004\064\004\065\004\073}{section.23}% 67
\BOOKMARK [2][]{subsection.23.3}{\376\377\004\037\004\100\004\076\004\070\004\067\004\062\004\076\004\064\004\075\004\060\004\117\000,\000\040\004\064\004\070\004\104\004\104\004\065\004\100\004\065\004\075\004\106\004\070\004\060\004\073}{section.23}% 68
\BOOKMARK [1][]{section.24}{\376\377\004\036\004\077\004\065\004\100\004\060\004\106\004\070\004\070\000\040\004\101\000\040\004\077\004\100\004\076\004\070\004\067\004\062\004\076\004\064\004\075\004\113\004\074\004\070\000\040\004\070\000\040\004\064\004\070\004\104\004\104\004\065\004\100\004\065\004\075\004\106\004\070\004\060\004\073\004\060\004\074\004\070}{part.1}% 69
\BOOKMARK [2][]{subsection.24.1}{\376\377\004\020\004\100\004\070\004\104\004\074\004\065\004\102\004\070\004\107\004\065\004\101\004\072\004\070\004\065\000\040\004\101\004\062\004\076\004\071\004\101\004\102\004\062\004\060\000\040\004\077\004\100\004\076\004\070\004\067\004\062\004\076\004\064\004\075\004\076\004\071\000\040\004\070\000\040\004\064\004\070\004\104\004\104\004\065\004\100\004\065\004\075\004\106\004\070\004\060\004\073\004\076\004\062}{section.24}% 70
\BOOKMARK [2][]{subsection.24.2}{\376\377\004\037\004\100\004\076\004\070\004\067\004\062\004\076\004\064\004\075\004\060\004\117\000\040\004\072\004\076\004\074\004\077\004\076\004\067\004\070\004\106\004\070\004\070}{section.24}% 71
\BOOKMARK [1][]{section.25}{\376\377\004\037\004\100\004\076\004\070\004\067\004\062\004\076\004\064\004\075\004\113\004\065\000\040\004\070\000\040\004\064\004\070\004\104\004\104\004\065\004\100\004\065\004\075\004\106\004\070\004\060\004\073\004\113\000\040\004\062\004\113\004\101\004\110\004\070\004\105\000\040\004\077\004\076\004\100\004\117\004\064\004\072\004\076\004\062}{part.1}% 72
\BOOKMARK [1][]{section.26}{\376\377\004\036\004\101\004\075\004\076\004\062\004\075\004\113\004\065\000\040\004\102\004\065\004\076\004\100\004\065\004\074\004\113\000\040\004\064\004\070\004\104\004\104\004\065\004\100\004\065\004\075\004\106\004\070\004\060\004\073\004\114\004\075\004\076\004\063\004\076\000\040\004\070\004\101\004\107\004\070\004\101\004\073\004\065\004\075\004\070\004\117}{part.1}% 73
\BOOKMARK [1][]{section.27}{\376\377\004\041\004\073\004\065\004\064\004\101\004\102\004\062\004\070\004\117\000\040\004\076\004\101\004\075\004\076\004\062\004\075\004\113\004\105\000\040\004\102\004\065\004\076\004\100\004\065\004\074}{part.1}% 74
\BOOKMARK [1][]{section.28}{\376\377\004\033\004\076\004\077\004\070\004\102\004\060\004\073\004\114\000\040\004\070\000\040\004\042\004\065\004\071\004\073\004\076\004\100}{part.1}% 75
\BOOKMARK [2][]{subsection.28.1}{\376\377\004\044\004\076\004\100\004\074\004\103\004\073\004\060\000\040\004\042\004\065\004\071\004\073\004\076\004\100\004\060}{section.28}% 76
\BOOKMARK [1][]{section.29}{\376\377\004\022\004\101\004\065\000\040\004\076\004\101\004\102\004\060\004\102\004\076\004\107\004\075\004\113\004\065\000\040\004\107\004\073\004\065\004\075\004\113\000\040\004\104\004\076\004\100\004\074\004\103\004\073\004\113\000\040\004\042\004\065\004\071\004\073\004\076\004\100\004\060}{part.1}% 77
\BOOKMARK [2][]{subsection.29.1}{\376\377\004\033\004\076\004\072\004\060\004\073\004\114\004\075\004\060\004\117\000\040\004\104\004\076\004\100\004\074\004\103\004\073\004\113\000\040\004\042\004\065\004\071\004\073\004\076\004\100\004\060}{section.29}% 78
\BOOKMARK [2][]{subsection.29.2}{\376\377\004\036\004\101\004\102\004\060\004\102\004\076\004\107\004\075\004\113\004\071\000\040\004\107\004\073\004\065\004\075\000\040\004\062\000\040\004\072\004\076\004\075\004\101\004\102\004\100\004\103\004\072\004\102\004\070\004\062\004\075\004\076\004\071\000\040\004\070\004\073\004\070\000\040\004\062\000\040\004\063\004\073\004\076\004\061\004\060\004\073\004\114\004\075\004\076\004\071\000\040\004\104\004\076\004\100\004\074\004\065}{section.29}% 79
\BOOKMARK [1][]{section.30}{\376\377\004\040\004\117\004\064\000\040\004\042\004\065\004\071\004\073\004\076\004\100\004\060\000.\000\040\004\055\004\072\004\101\004\102\004\100\004\065\004\074\004\103\004\074\004\113\000.\000\040\004\022\004\113\004\077\004\103\004\072\004\073\004\076\004\101\004\102\004\114}{part.1}% 80
\BOOKMARK [2][]{subsection.30.1}{\376\377\004\024\004\076\004\101\004\102\004\060\004\102\004\076\004\107\004\075\004\076\004\065\000\040\004\103\004\101\004\073\004\076\004\062\004\070\004\065\000\040\004\100\004\060\004\067\004\073\004\076\004\066\004\065\004\075\004\070\004\117\000\040\004\062\000\040\004\100\004\117\004\064\000\040\004\042\004\065\004\071\004\073\004\076\004\100\004\060}{section.30}% 81
\BOOKMARK [2][]{subsection.30.2}{\376\377\004\050\004\070\004\100\004\076\004\072\004\076\004\065\000\040\004\070\000\040\004\063\004\073\004\103\004\061\004\076\004\072\004\076\004\065\000\040\004\064\004\076\004\101\004\102\004\060\004\102\004\076\004\107\004\075\004\113\004\065\000\040\004\103\004\101\004\073\004\076\004\062\004\070\004\117\000\040\004\115\004\072\004\101\004\102\004\100\004\065\004\074\004\103\004\074\004\060}{section.30}% 82
\BOOKMARK [2][]{subsection.30.3}{\376\377\004\022\004\113\004\077\004\103\004\072\004\073\004\076\004\101\004\102\004\114}{section.30}% 83
\BOOKMARK [1][]{section.31}{\376\377\004\041\004\062\004\076\004\071\004\101\004\102\004\062\004\060\000\040\004\062\004\113\004\077\004\103\004\072\004\073\004\113\004\105\000\040\004\104\004\103\004\075\004\072\004\106\004\070\004\071\000.\000\040\004\020\004\101\004\070\004\074\004\077\004\102\004\076\004\102\004\113}{part.1}% 84
\BOOKMARK [2][]{subsection.31.1}{\376\377\004\032\004\100\004\070\004\102\004\065\004\100\004\070\004\070\000\040\004\062\004\113\004\077\004\103\004\072\004\073\004\076\004\101\004\102\004\070}{section.31}% 85
\BOOKMARK [2][]{subsection.31.2}{\376\377\004\020\004\101\004\070\004\074\004\077\004\102\004\076\004\102\004\113\000\040\004\067\004\060\000\040\004\107\004\065\004\102\004\113\004\100\004\065\000\040\004\074\004\070\004\075\004\103\004\102\004\113}{section.31}% 86
\BOOKMARK [0][]{part.2}{\376\377\000I\000I\000\040\004\030\004\075\004\102\004\065\004\063\004\100\004\060\004\073\004\114\004\075\004\076\004\065\000\040\004\070\004\101\004\107\004\070\004\101\004\073\004\065\004\075\004\070\004\065}{}% 87
\BOOKMARK [1][]{section.32}{\376\377\004\037\004\065\004\100\004\062\004\076\004\076\004\061\004\100\004\060\004\067\004\075\004\113\004\065\000\040\004\070\000\040\004\075\004\065\004\076\004\077\004\100\004\065\004\064\004\065\004\073\004\121\004\075\004\075\004\113\004\065\000\040\004\070\004\075\004\102\004\065\004\063\004\100\004\060\004\073\004\113}{part.2}% 88
\BOOKMARK [2][]{subsection.32.1}{\376\377\004\042\004\076\004\107\004\075\004\113\004\065\000\040\004\077\004\065\004\100\004\062\004\076\004\076\004\061\004\100\004\060\004\067\004\075\004\113\004\065}{section.32}% 89
\BOOKMARK [2][]{subsection.32.2}{\376\377\004\036\004\061\004\076\004\061\004\111\004\121\004\075\004\075\004\113\004\065\000\040\004\077\004\065\004\100\004\062\004\076\004\076\004\061\004\100\004\060\004\067\004\075\004\113\004\065}{section.32}% 90
\BOOKMARK [2][]{subsection.32.3}{\376\377\004\035\004\065\004\076\004\077\004\100\004\065\004\064\004\065\004\073\004\121\004\075\004\075\004\113\004\065\000\040\004\070\004\075\004\102\004\065\004\063\004\100\004\060\004\073\004\113}{section.32}% 91
\BOOKMARK [3][]{subsubsection.32.3.1}{\376\377\004\041\004\062\004\076\004\071\004\101\004\102\004\062\004\060}{subsection.32.3}% 92
\BOOKMARK [3][]{subsubsection.32.3.2}{\376\377\004\042\004\065\004\076\004\100\004\065\004\074\004\113\000\040\004\076\000\040\004\067\004\060\004\074\004\065\004\075\004\065\000\040\004\077\004\065\004\100\004\065\004\074\004\065\004\075\004\075\004\113\004\105}{subsection.32.3}% 93
\BOOKMARK [1][]{section.33}{\376\377\004\022\004\113\004\107\004\070\004\101\004\073\004\065\004\075\004\070\004\065\000\040\004\070\004\075\004\102\004\065\004\063\004\100\004\060\004\073\004\076\004\062}{part.2}% 94
\BOOKMARK [2][]{subsection.33.1}{\376\377\004\042\004\060\004\061\004\073\004\070\004\106\004\060\000\040\004\070\004\075\004\102\004\065\004\063\004\100\004\060\004\073\004\076\004\062}{section.33}% 95
\BOOKMARK [2][]{subsection.33.2}{\376\377\004\030\004\075\004\102\004\065\004\063\004\100\004\070\004\100\004\076\004\062\004\060\004\075\004\070\004\065\000\040\004\100\004\060\004\106\004\070\004\076\004\075\004\060\004\073\004\114\004\075\004\113\004\105\000\040\004\062\004\113\004\100\004\060\004\066\004\065\004\075\004\070\004\071}{section.33}% 96
\BOOKMARK [2][]{subsection.33.3}{\376\377\004\041\004\065\004\072\004\100\004\065\004\102\004\075\004\113\004\071\000\040\004\077\004\100\004\070\004\074\004\065\004\100}{section.33}% 97
\BOOKMARK [1][]{section.34}{\376\377\004\036\004\101\004\102\004\100\004\076\004\063\004\100\004\060\004\064\004\101\004\072\004\070\004\071\000,\000\040\004\055\004\071\004\073\004\065\004\100\000,\000\040\004\047\004\065\004\061\004\113\004\110\004\121\004\062}{part.2}% 98
\BOOKMARK [2][]{subsection.34.1}{\376\377\004\034\004\065\004\102\004\076\004\064\000\040\004\036\004\101\004\102\004\100\004\076\004\063\004\100\004\060\004\064\004\101\004\072\004\076\004\063\004\076}{section.34}% 99
\BOOKMARK [2][]{subsection.34.2}{\376\377\004\030\004\075\004\102\004\065\004\063\004\100\004\070\004\100\004\076\004\062\004\060\004\075\004\070\004\065\000\040\004\064\004\100\004\076\004\061\004\075\004\076\000-\004\073\004\070\004\075\004\065\004\071\004\075\004\113\004\105\000\040\004\070\004\100\004\100\004\060\004\106\004\070\004\076\004\075\004\060\004\073\004\114\004\075\004\076\004\101\004\102\004\065\004\071}{section.34}% 100
\BOOKMARK [3][]{subsubsection.34.2.1}{\376\377\004\030\004\075\004\102\004\065\004\063\004\100\004\070\004\100\004\076\004\062\004\060\004\075\004\070\004\065\000\040\004\072\004\062\004\060\004\100\004\064\004\100\004\060\004\102\004\070\004\107\004\075\004\076\004\071\000\040\004\070\004\100\004\100\004\060\004\106\004\070\004\076\004\075\004\060\004\073\004\114\004\075\004\076\004\101\004\102\004\070\000.\000\040\004\037\004\076\004\064\004\101\004\102\004\060\004\075\004\076\004\062\004\072\004\070\000\040\004\055\004\071\004\073\004\065\004\100\004\060}{subsection.34.2}% 101
\BOOKMARK [2][]{subsection.34.3}{\376\377\004\030\004\075\004\102\004\065\004\063\004\100\004\070\004\100\004\076\004\062\004\060\004\075\004\070\004\065\000\040\004\064\004\070\004\104\004\104\004\065\004\100\004\065\004\075\004\106\004\070\004\060\004\073\004\114\004\075\004\076\004\063\004\076\000\040\004\061\004\070\004\075\004\076\004\074\004\060\000.\000\040\004\027\004\060\004\074\004\065\004\075\004\113\000\040\004\047\004\065\004\061\004\113\004\110\004\121\004\062\004\060}{section.34}% 102
\BOOKMARK [2][]{subsection.34.4}{\376\377\004\030\004\075\004\102\004\065\004\063\004\100\004\070\004\100\004\076\004\062\004\060\004\075\004\070\004\065\000\040\004\102\004\100\004\070\004\063\004\076\004\075\004\076\004\074\004\065\004\102\004\100\004\070\004\107\004\065\004\101\004\072\004\070\004\105\000\040\004\104\004\103\004\075\004\072\004\106\004\070\004\071}{section.34}% 103
\BOOKMARK [2][]{subsection.34.5}{\376\377\004\037\004\100\004\065\004\064\004\065\004\073\000\040\004\077\004\076\000\040\004\061\004\060\004\067\004\065}{section.34}% 104
\BOOKMARK [1][]{section.35}{\376\377\004\041\004\062\004\076\004\071\004\101\004\102\004\062\004\060\000\040\004\077\004\100\004\065\004\064\004\065\004\073\004\060\000\040\004\077\004\076\000\040\004\061\004\060\004\067\004\065}{part.2}% 105
\BOOKMARK [2][]{subsection.35.1}{\376\377\004\036\004\101\004\075\004\076\004\062\004\075\004\113\004\065\000\040\004\101\004\062\004\076\004\071\004\101\004\102\004\062\004\060\000\040\004\077\004\100\004\065\004\064\004\065\004\073\004\076\004\062}{section.35}% 106
\BOOKMARK [1][]{section.36}{\376\377\004\036\004\077\004\100\004\065\004\064\004\065\004\073\004\121\004\075\004\075\004\113\004\065\000\040\004\070\004\075\004\102\004\065\004\063\004\100\004\060\004\073\004\113}{part.2}% 107
\BOOKMARK [2][]{subsection.36.1}{\376\377\004\036\004\061\004\111\004\070\004\071\000\040\004\072\004\100\004\070\004\102\004\065\004\100\004\070\004\071\000\040\004\032\004\076\004\110\004\070}{section.36}% 108
\BOOKMARK [2][]{subsection.36.2}{\376\377\004\036\004\077\004\100\004\065\004\064\004\065\004\073\004\121\004\075\004\075\004\113\004\071\000\040\004\070\004\075\004\102\004\065\004\063\004\100\004\060\004\073}{section.36}% 109
\BOOKMARK [2][]{subsection.36.3}{\376\377\004\041\004\060\004\074\004\113\004\065\000\040\004\077\004\100\004\076\004\101\004\102\004\113\004\065\000\040\004\101\004\062\004\076\004\071\004\101\004\102\004\062\004\060}{section.36}% 110
\BOOKMARK [1][]{section.37}{\376\377\004\030\004\075\004\102\004\065\004\063\004\100\004\070\004\100\004\103\004\065\004\074\004\076\004\101\004\102\004\114\000\040\004\077\004\076\000\040\004\040\004\070\004\074\004\060\004\075\004\103}{part.2}% 111
\BOOKMARK [1][]{section.38}{\376\377\004\035\004\065\004\100\004\060\004\062\004\065\004\075\004\101\004\102\004\062\004\060\000\040\004\101\000\040\004\101\004\103\004\074\004\074\004\060\004\074\004\070\000\040\004\070\000\040\004\070\004\075\004\102\004\065\004\063\004\100\004\060\004\073\004\060\004\074\004\070\000\040\004\024\004\060\004\100\004\061\004\103}{part.2}% 112
\BOOKMARK [1][]{section.39}{\376\377\004\032\004\100\004\070\004\102\004\065\004\100\004\070\004\070\000\040\004\024\004\060\004\100\004\061\004\103\000\040\004\070\004\075\004\102\004\065\004\063\004\100\004\070\004\100\004\103\004\065\004\074\004\076\004\101\004\102\004\070\000\040\004\077\004\076\000\040\004\040\004\070\004\074\004\060\004\075\004\103}{part.2}% 113
\BOOKMARK [1][]{section.40}{\376\377\004\030\004\075\004\102\004\065\004\063\004\100\004\060\004\073\000\040\004\072\004\076\004\074\004\077\004\076\004\067\004\070\004\106\004\070\004\070\000.\000\040\004\034\004\065\004\100\004\060\000\040\004\033\004\065\004\061\004\065\004\063\004\060\000.\000\040\004\020\004\064\004\064\004\070\004\102\004\070\004\062\004\075\004\076\004\101\004\102\004\114}{part.2}% 114
\BOOKMARK [2][]{subsection.40.1}{\376\377\004\024\004\076\004\101\004\102\004\060\004\102\004\076\004\107\004\075\004\076\004\065\000\040\004\103\004\101\004\073\004\076\004\062\004\070\004\065\000\040\004\070\004\075\004\102\004\065\004\063\004\100\004\070\004\100\004\103\004\065\004\074\004\076\004\101\004\102\004\070\000\040\004\072\004\076\004\074\004\077\004\076\004\067\004\070\004\106\004\070\004\070}{section.40}% 115
\BOOKMARK [2][]{subsection.40.2}{\376\377\004\034\004\075\004\076\004\066\004\065\004\101\004\102\004\062\004\060\000\040\004\074\004\065\004\100\004\113\000\040\004\033\004\065\004\061\004\065\004\063\004\060\000\040\0000}{section.40}% 116
\BOOKMARK [2][]{subsection.40.3}{\376\377\004\020\004\064\004\064\004\070\004\102\004\070\004\062\004\075\004\076\004\101\004\102\004\114\000\040\004\070\004\075\004\102\004\065\004\063\004\100\004\060\004\073\004\060\000\040\004\040\004\070\004\074\004\060\004\075\004\060\000\040\004\075\004\060\000\040\004\076\004\102\004\100\004\065\004\067\004\072\004\065}{section.40}% 117
\BOOKMARK [1][]{section.41}{\376\377\004\042\004\065\004\076\004\100\004\065\004\074\004\060\000\040\004\076\000\040\004\101\004\100\004\065\004\064\004\075\004\065\004\074\000.\000\040\004\037\004\100\004\070\004\073\004\076\004\066\004\065\004\075\004\070\004\117\000\040\004\070\004\075\004\102\004\065\004\063\004\100\004\060\004\073\004\060\000\040\004\040\004\070\004\074\004\060\004\075\004\060}{part.2}% 118
\BOOKMARK [2][]{subsection.41.1}{\376\377\004\034\004\076\004\102\004\070\004\062\004\070\004\100\004\076\004\062\004\076\004\107\004\075\004\060\004\117\000\040\004\107\004\060\004\101\004\102\004\114}{section.41}% 119
\BOOKMARK [2][]{subsection.41.2}{\376\377\004\024\004\073\004\070\004\075\004\060\000\040\004\064\004\103\004\063\004\070\000\040\004\072\004\100\004\070\004\062\004\076\004\071}{section.41}% 120
\BOOKMARK [1][]{section.42}{\376\377\004\025\004\111\004\121\000\040\004\077\004\100\004\070\004\073\004\076\004\066\004\065\004\075\004\070\004\117\000\040\004\070\000\040\004\076\004\101\004\075\004\076\004\062\004\075\004\060\004\117\000\040\004\102\004\065\004\076\004\100\004\065\004\074\004\060}{part.2}% 121
\BOOKMARK [1][]{section.43}{\376\377\004\025\004\111\004\121\000\040\004\076\004\101\004\075\004\076\004\062\004\075\004\060\004\117\000\040\004\102\004\065\004\076\004\100\004\065\004\074\004\060\000\040\004\070\000\040\004\075\004\065\004\101\004\076\004\061\004\101\004\102\004\062\004\065\004\075\004\075\004\113\004\071\000\040\004\070\004\075\004\102\004\065\004\063\004\100\004\060\004\073}{part.2}% 122
\BOOKMARK [2][]{subsection.43.1}{\376\377\004\034\004\076\004\102\004\070\004\062\004\070\004\100\004\076\004\062\004\072\004\060\000\040\004\072\000\040\004\075\004\076\004\062\004\076\004\071\000\040\004\102\004\065\004\074\004\065}{section.43}% 123
\BOOKMARK [2][]{subsection.43.2}{\376\377\004\035\004\065\004\101\004\076\004\061\004\101\004\102\004\062\004\065\004\075\004\075\004\113\004\071\000\040\004\070\004\075\004\102\004\065\004\063\004\100\004\060\004\073\000\040\004\040\004\070\004\074\004\060\004\075\004\060}{section.43}% 124
\BOOKMARK [1][]{section.44}{\376\377\004\035\004\065\004\101\004\076\004\061\004\101\004\102\004\062\004\065\004\075\004\075\004\113\004\065\000\040\004\070\004\075\004\102\004\065\004\063\004\100\004\060\004\073\004\113}{part.2}% 125
\BOOKMARK [2][]{subsection.44.1}{\376\377\004\032\004\100\004\070\004\102\004\065\004\100\004\070\004\071\000\040\004\032\004\076\004\110\004\070}{section.44}% 126
\BOOKMARK [2][]{subsection.44.2}{\376\377\004\037\004\100\004\070\004\067\004\075\004\060\004\072\004\070}{section.44}% 127
\BOOKMARK [1][]{section.45}{\376\377\004\037\004\100\004\070\004\067\004\075\004\060\004\072\000\040\004\020\004\061\004\065\004\073\004\117\000.\000\040\004\030\004\075\004\102\004\065\004\063\004\100\004\060\004\073\004\113\000\040\004\041\004\102\004\070\004\073\004\102\004\114\004\065\004\101\004\060}{part.2}% 128
\BOOKMARK [2][]{subsection.45.1}{\376\377\004\030\004\075\004\102\004\065\004\063\004\100\004\060\004\073\004\113\000\040\004\040\004\070\004\074\004\060\004\075\004\060\040\023\000\040\004\041\004\102\004\070\004\073\004\102\004\114\004\065\004\101\004\060}{section.45}% 129
\BOOKMARK [0][]{part.3}{\376\377\000I\000I\000I\000\040\004\034\004\075\004\076\004\063\004\076\004\074\004\065\004\100\004\075\004\113\004\071\000\040\004\060\004\075\004\060\004\073\004\070\004\067}{}% 130
\BOOKMARK [1][]{section.46}{\376\377\004\035\004\076\004\062\004\113\004\065\000\040\004\074\004\075\004\076\004\066\004\065\004\101\004\102\004\062\004\060\000\040\004\070\000\040\004\101\004\102\004\100\004\103\004\072\004\102\004\103\004\100\004\113}{part.3}% 131
\BOOKMARK [2][]{subsection.46.1}{\376\377\004\034\004\065\004\102\004\100\004\070\004\107\004\065\004\101\004\072\004\076\004\065\000\040\004\077\004\100\004\076\004\101\004\102\004\100\004\060\004\075\004\101\004\102\004\062\004\076}{section.46}% 132
\BOOKMARK [2][]{subsection.46.2}{\376\377\004\035\004\076\004\100\004\074\004\060}{section.46}% 133
\BOOKMARK [2][]{subsection.46.3}{\376\377\004\041\004\072\004\060\004\073\004\117\004\100\004\075\004\076\004\065\000\040\004\077\004\100\004\076\004\070\004\067\004\062\004\065\004\064\004\065\004\075\004\070\004\065}{section.46}% 134
\BOOKMARK [1][]{section.47}{\376\377\004\037\004\076\004\101\004\073\004\065\004\064\004\076\004\062\004\060\004\102\004\065\004\073\004\114\004\075\004\076\004\101\004\102\004\070\000\040\004\062\000\040\004\074\004\065\004\102\004\100\004\070\004\107\004\065\004\101\004\072\004\076\004\074\000\040\004\077\004\100\004\076\004\101\004\102\004\100\004\060\004\075\004\101\004\102\004\062\004\065}{part.3}% 135
\BOOKMARK [2][]{subsection.47.1}{\376\377\004\032\004\100\004\060\004\102\004\072\004\076\004\065\000\040\004\101\004\076\004\064\004\065\004\100\004\066\004\060\004\075\004\070\004\065\000\040\004\077\004\100\004\076\004\110\004\073\004\076\004\071\000\040\004\101\004\065\004\100\004\070\004\070}{section.47}% 136
\BOOKMARK [2][]{subsection.47.2}{\376\377\004\020\004\075\004\060\004\073\004\076\004\063\000\040\004\076\004\072\004\100\004\065\004\101\004\102\004\075\004\076\004\101\004\102\004\070}{section.47}% 137
\BOOKMARK [2][]{subsection.47.3}{\376\377\004\037\004\065\004\100\004\065\004\105\004\076\004\064\000\040\004\072\000\040\004\072\004\076\004\076\004\100\004\064\004\070\004\075\004\060\004\102\004\060\004\074}{section.47}% 138
\BOOKMARK [1][]{section.48}{\376\377\004\037\004\100\004\065\004\064\004\065\004\073\000\040\004\104\004\103\004\075\004\072\004\106\004\070\004\070\000\040\004\074\004\075\004\076\004\063\004\070\004\105\000\040\004\077\004\065\004\100\004\065\004\074\004\065\004\075\004\075\004\113\004\105}{part.3}% 139
\BOOKMARK [2][]{subsection.48.1}{\376\377\004\022\004\065\004\072\004\102\004\076\004\100\004\075\004\113\004\065\000\040\004\076\004\102\004\076\004\061\004\100\004\060\004\066\004\065\004\075\004\070\004\117}{section.48}% 140
\BOOKMARK [1][]{section.49}{\376\377\004\023\004\073\004\076\004\061\004\060\004\073\004\114\004\075\004\113\004\065\000\040\004\101\004\062\004\076\004\071\004\101\004\102\004\062\004\060\000\040\004\104\004\103\004\075\004\072\004\106\004\070\004\070\000\040\004\062\004\065\004\072\004\102\004\076\004\100\004\075\004\076\004\063\004\076\000\040\004\060\004\100\004\063\004\103\004\074\004\065\004\075\004\102\004\060}{part.3}% 141
\BOOKMARK [2][]{subsection.49.1}{\376\377\004\024\004\070\004\104\004\104\004\065\004\100\004\065\004\075\004\106\004\070\004\060\004\073}{section.49}% 142
\BOOKMARK [1][]{section.50}{\376\377\004\044\004\103\004\075\004\072\004\106\004\070\004\070\000\040\004\064\004\062\004\103\004\105\000\040\004\070\000\040\004\102\004\100\004\121\004\105\000\040\004\077\004\065\004\100\004\065\004\074\004\065\004\075\004\075\004\113\004\105}{part.3}% 143
\BOOKMARK [2][]{subsection.50.1}{\376\377\004\024\004\062\004\076\004\071\004\075\004\113\004\065\000\040\004\070\000\040\004\077\004\076\004\062\004\102\004\076\004\100\004\075\004\113\004\065\000\040\004\077\004\100\004\065\004\064\004\065\004\073\004\113}{section.50}% 144
\BOOKMARK [2][]{subsection.50.2}{\376\377\004\024\004\070\004\104\004\104\004\065\004\100\004\065\004\075\004\106\004\070\004\100\004\103\004\065\004\074\004\076\004\101\004\102\004\114\000\040\004\062\000\040\004\100\004\060\004\074\004\072\004\060\004\105\000\040\004\074\004\076\004\064\004\065\004\073\004\070\000\040\004\101\000\040\004\102\004\100\004\065\004\074\004\117\000\040\004\077\004\065\004\100\004\065\004\074\004\065\004\075\004\075\004\113\004\074\004\070}{section.50}% 145
\BOOKMARK [2][]{subsection.50.3}{\376\377\004\024\004\076\004\101\004\102\004\060\004\102\004\076\004\107\004\075\004\076\004\065\000\040\004\103\004\101\004\073\004\076\004\062\004\070\004\065\000\040\004\064\004\070\004\104\004\104\004\065\004\100\004\065\004\075\004\106\004\070\004\100\004\103\004\065\004\074\004\076\004\101\004\102\004\070}{section.50}% 146
\BOOKMARK [2][]{subsection.50.4}{\376\377\004\037\004\100\004\076\004\070\004\067\004\062\004\076\004\064\004\075\004\060\004\117\000\040\004\077\004\076\000\040\004\075\004\060\004\077\004\100\004\060\004\062\004\073\004\065\004\075\004\070\004\116}{section.50}% 147
\BOOKMARK [1][]{section.51}{\376\377\004\024\004\070\004\104\004\104\004\065\004\100\004\065\004\075\004\106\004\070\004\060\004\073\000\040\004\072\004\076\004\074\004\077\004\076\004\067\004\070\004\106\004\070\004\070}{part.3}% 148
\BOOKMARK [2][]{subsection.51.1}{\376\377\004\040\004\060\004\101\004\101\004\103\004\066\004\064\004\065\004\075\004\070\004\065\000\040\004\062\000\040\004\077\004\100\004\117\004\074\004\103\004\116\000\040\004\101\004\102\004\076\004\100\004\076\004\075\004\103}{section.51}% 149
\BOOKMARK [2][]{subsection.51.2}{\376\377\004\032\004\060\004\101\004\060\004\102\004\065\004\073\004\114\004\075\004\060\004\117\000\040\004\077\004\073\004\076\004\101\004\072\004\076\004\101\004\102\004\114}{section.51}% 150
\BOOKMARK [2][]{subsection.51.3}{\376\377\004\032\004\060\004\101\004\060\004\102\004\065\004\073\004\114\004\075\004\060\004\117\000\040\004\077\004\073\004\076\004\101\004\072\004\076\004\101\004\102\004\114\000\040\004\104\004\103\004\075\004\072\004\106\004\070\004\070\000\040\004\102\004\100\004\121\004\105\000\040\004\077\004\065\004\100\004\065\004\074\004\065\004\075\004\075\004\113\004\105\000\040\004\070\000\040\004\070\004\075\004\062\004\060\004\100\004\070\004\060\004\075\004\102\004\075\004\076\004\101\004\102\004\114\000\040\004\077\004\065\004\100\004\062\004\076\004\063\004\076\000\040\004\064\004\070\004\104\004\104\004\065\004\100\004\065\004\075\004\106\004\070\004\060\004\073\004\060}{section.51}% 151
\BOOKMARK [1][]{section.52}{\376\377\004\042\004\065\004\076\004\100\004\065\004\074\004\113\000\040\004\050\004\062\004\060\004\100\004\106\004\060\000\040\004\070\000\040\004\056\004\075\004\063\004\060}{part.3}% 152
\BOOKMARK [2][]{subsection.52.1}{\376\377\004\047\004\060\004\101\004\102\004\075\004\113\004\065\000\040\004\077\004\100\004\076\004\070\004\067\004\062\004\076\004\064\004\075\004\113\004\065\000\040\004\062\004\113\004\101\004\110\004\070\004\105\000\040\004\077\004\076\004\100\004\117\004\064\004\072\004\076\004\062}{section.52}% 153
\BOOKMARK [2][]{subsection.52.2}{\376\377\004\024\004\070\004\104\004\104\004\065\004\100\004\065\004\075\004\106\004\070\004\060\004\073\000\040\004\062\004\113\004\101\004\110\004\070\004\105\000\040\004\077\004\076\004\100\004\117\004\064\004\072\004\076\004\062}{section.52}% 154
\BOOKMARK [1][]{section.53}{\376\377\004\044\004\076\004\100\004\074\004\103\004\073\004\060\000\040\004\042\004\065\004\071\004\073\004\076\004\100\004\060\000,\000\040\004\073\004\076\004\072\004\060\004\073\004\114\004\075\004\113\004\065\000\040\004\115\004\072\004\101\004\102\004\100\004\065\004\074\004\103\004\074\004\113}{part.3}% 155
\BOOKMARK [2][]{subsection.53.1}{\376\377\004\036\000\040\004\062\004\113\004\101\004\110\004\070\004\105\000\040\004\077\004\076\004\100\004\117\004\064\004\072\004\060\004\105}{section.53}% 156
\BOOKMARK [2][]{subsection.53.2}{\376\377\004\044\004\076\004\100\004\074\004\103\004\073\004\060\000\040\004\042\004\065\004\071\004\073\004\076\004\100\004\060\000\040\004\101\000\040\004\076\004\101\004\102\004\060\004\102\004\076\004\107\004\075\004\113\004\074\000\040\004\107\004\073\004\065\004\075\004\076\004\074\000\040\004\062\000\040\004\104\004\076\004\100\004\074\004\065\000\040\004\033\004\060\004\063\004\100\004\060\004\075\004\066\004\060}{section.53}% 157
\BOOKMARK [2][]{subsection.53.3}{\376\377\004\033\004\076\004\072\004\060\004\073\004\114\004\075\004\113\004\065\000\040\004\115\004\072\004\101\004\102\004\100\004\065\004\074\004\103\004\074\004\113}{section.53}% 158
\BOOKMARK [1][]{section.54}{\376\377\004\035\004\065\004\117\004\062\004\075\004\113\004\065\000\040\004\104\004\103\004\075\004\072\004\106\004\070\004\070}{part.3}% 159
\BOOKMARK [1][]{section.55}{\376\377\004\042\004\065\004\076\004\100\004\065\004\074\004\060\000\040\004\076\000\040\004\075\004\065\004\117\004\062\004\075\004\076\004\074\000\040\004\076\004\102\004\076\004\061\004\100\004\060\004\066\004\065\004\075\004\070\004\070}{part.3}% 160
\BOOKMARK [2][]{subsection.55.1}{\376\377\004\027\004\060\004\062\004\070\004\101\004\070\004\074\004\076\004\101\004\102\004\070}{section.55}% 161
\BOOKMARK [1][]{section.56}{\376\377\004\044\004\103\004\075\004\072\004\106\004\070\004\076\004\075\004\060\004\073\004\114\004\075\004\113\004\065\000\040\004\067\004\060\004\062\004\070\004\101\004\070\004\074\004\076\004\101\004\102\004\070}{part.3}% 162
\BOOKMARK [1][]{section.57}{\376\377\004\034\004\076\004\102\004\070\004\062\004\070\004\100\004\076\004\062\004\072\004\060\000\040\004\072\000\040\004\103\004\101\004\073\004\076\004\062\004\075\004\113\004\074\000\040\004\115\004\072\004\101\004\102\004\100\004\065\004\074\004\103\004\074\004\060\004\074}{part.3}% 163
\BOOKMARK [1][]{section.58}{\376\377\004\034\004\065\004\102\004\076\004\064\000\040\004\074\004\075\004\076\004\066\004\070\004\102\004\065\004\073\004\065\004\071\000\040\004\033\004\060\004\063\004\100\004\060\004\075\004\066\004\060}{part.3}% 164
\BOOKMARK [2][]{subsection.58.1}{\376\377\004\035\004\065\004\076\004\061\004\105\004\076\004\064\004\070\004\074\004\076\004\065\000\040\004\103\004\101\004\073\004\076\004\062\004\070\004\065\000\040\004\103\004\101\004\073\004\076\004\062\004\075\004\076\004\063\004\076\000\040\004\115\004\072\004\101\004\102\004\100\004\065\004\074\004\103\004\074\004\060}{section.58}% 165
\BOOKMARK [2][]{subsection.58.2}{\376\377\004\044\004\076\004\100\004\074\004\103\004\073\004\070\004\100\004\076\004\062\004\072\004\060\000\040\004\075\004\065\004\076\004\061\004\105\004\076\004\064\004\070\004\074\004\076\004\063\004\076\000\040\004\103\004\101\004\073\004\076\004\062\004\070\004\117\000\040\004\103\004\101\004\073\004\076\004\062\004\075\004\076\004\063\004\076\000\040\004\115\004\072\004\102\004\100\004\065\004\074\004\103\004\074\004\060\000.\000\040\004\044\004\103\004\075\004\072\004\106\004\070\004\117\000\040\004\033\004\060\004\063\004\100\004\060\004\075\004\066\004\060}{section.58}% 166
\BOOKMARK [2][]{subsection.58.3}{\376\377\004\024\004\076\004\101\004\102\004\060\004\102\004\076\004\107\004\075\004\113\004\065\000\040\004\103\004\101\004\073\004\076\004\062\004\070\004\117\000\040\004\103\004\101\004\073\004\076\004\062\004\075\004\076\004\063\004\076\000\040\004\115\004\072\004\101\004\102\004\100\004\065\004\074\004\103\004\074\004\060}{section.58}% 167
\BOOKMARK [0][]{part.4}{\376\377\000I\000V\000\040\004\040\004\117\004\064\004\113}{}% 168
\BOOKMARK [1][]{section.59}{\376\377\004\036\004\101\004\075\004\076\004\062\004\075\004\113\004\065\000\040\004\076\004\077\004\100\004\065\004\064\004\065\004\073\004\065\004\075\004\070\004\117\000.\000\040\004\040\004\060\004\101\004\101\004\102\004\060\004\075\004\076\004\062\004\072\004\060\000\040\004\101\004\072\004\076\004\061\004\076\004\072}{part.4}% 169
\BOOKMARK [1][]{section.60}{\376\377\004\027\004\075\004\060\004\072\004\076\004\077\004\076\004\101\004\102\004\076\004\117\004\075\004\075\004\113\004\065\000\040\004\100\004\117\004\064\004\113}{part.4}% 170
\BOOKMARK [1][]{section.61}{\376\377\004\037\004\100\004\070\004\067\004\075\004\060\004\072\004\070\000\040\004\101\004\105\004\076\004\064\004\070\004\074\004\076\004\101\004\102\004\070\000\040\004\100\004\117\004\064\004\076\004\062\000\040\004\100\004\060\004\067\004\075\004\076\004\063\004\076\000\040\004\062\004\070\004\064\004\060}{part.4}% 171
\BOOKMARK [2][]{subsection.61.1}{\376\377\004\040\004\117\004\064\004\113\000\040\004\076\004\061\004\111\004\065\004\063\004\076\000\040\004\062\004\070\004\064\004\060\000.\000\040\004\027\004\075\004\060\004\072\004\076\004\107\004\065\004\100\004\065\004\064\004\103\004\116\004\111\004\070\004\065\004\101\004\117\000\040\004\100\004\117\004\064\004\113}{section.61}% 172
\BOOKMARK [1][]{section.62}{\376\377\004\027\004\075\004\060\004\072\004\076\004\077\004\065\004\100\004\065\004\074\004\065\004\075\004\075\004\113\004\065\000\040\004\100\004\117\004\064\004\113\000.\000\040\004\042\004\065\004\076\004\100\004\065\004\074\004\060\000\040\004\076\000\040\004\077\004\065\004\100\004\065\004\101\004\102\004\060\004\075\004\076\004\062\004\072\004\065\000\040\004\101\004\073\004\060\004\063\004\060\004\065\004\074\004\113\004\105}{part.4}% 173
\BOOKMARK [2][]{subsection.62.1}{\376\377\004\037\004\065\004\100\004\065\004\101\004\102\004\060\004\075\004\076\004\062\004\072\004\060\000\040\004\101\004\073\004\060\004\063\004\060\004\065\004\074\004\113\004\105\000\040\004\100\004\117\004\064\004\060}{section.62}% 174
\BOOKMARK [1][]{section.63}{\376\377\004\037\004\065\004\100\004\065\004\101\004\102\004\060\004\075\004\076\004\062\004\072\004\070\000\040\004\101\004\073\004\060\004\063\004\060\004\065\004\074\004\113\004\105\000.\000\040\004\024\004\062\004\076\004\071\004\075\004\113\004\065\000\040\004\100\004\117\004\064\004\113}{part.4}% 175
\BOOKMARK [2][]{subsection.63.1}{\376\377\004\042\004\065\004\076\004\100\004\065\004\074\004\060\000\040\004\040\004\070\004\074\004\060\004\075\004\060}{section.63}% 176
\BOOKMARK [2][]{subsection.63.2}{\376\377\004\024\004\062\004\076\004\071\004\075\004\113\004\065\000\040\004\100\004\117\004\064\004\113}{section.63}% 177
\BOOKMARK [1][]{section.64}{\376\377\004\042\004\065\004\076\004\100\004\065\004\074\004\060\000\040\004\034\004\065\004\100\004\102\004\065\004\075\004\101\004\060\000.\000\040\004\021\004\065\004\101\004\072\004\076\004\075\004\065\004\107\004\075\004\113\004\065\000\040\004\077\004\100\004\076\004\070\004\067\004\062\004\065\004\064\004\065\004\075\004\070\004\117}{part.4}% 178
\BOOKMARK [2][]{subsection.64.1}{\376\377\004\037\004\065\004\100\004\065\004\074\004\075\004\076\004\066\004\065\004\075\004\070\004\065\000\040\004\101\004\105\004\076\004\064\004\117\004\111\004\070\004\105\004\101\004\117\000\040\004\100\004\117\004\064\004\076\004\062}{section.64}% 179
\BOOKMARK [2][]{subsection.64.2}{\376\377\004\021\004\065\004\101\004\072\004\076\004\075\004\065\004\107\004\075\004\113\004\065\000\040\004\077\004\100\004\076\004\070\004\067\004\062\004\065\004\064\004\065\004\075\004\070\004\117}{section.64}% 180
\BOOKMARK [1][]{section.65}{\376\377\004\044\004\103\004\075\004\072\004\106\004\070\004\076\004\075\004\060\004\073\004\114\004\075\004\113\004\065\000\040\004\077\004\076\004\101\004\073\004\065\004\064\004\076\004\062\004\060\004\102\004\065\004\073\004\114\004\075\004\076\004\101\004\102\004\070\000\040\004\070\000\040\004\100\004\117\004\064\004\113\000.\000\040\004\040\004\060\004\062\004\075\004\076\004\074\004\065\004\100\004\075\004\060\004\117\000\040\004\101\004\105\004\076\004\064\004\070\004\074\004\076\004\101\004\102\004\114}{part.4}% 181
\BOOKMARK [2][]{subsection.65.1}{\376\377\004\027\004\060\004\064\004\060\004\107\004\060\000\040\004\076\000\040\004\077\004\100\004\117\004\074\004\076\004\103\004\063\004\076\004\073\004\114\004\075\004\070\004\072\004\060\004\105\000\040\004\062\000\040\004\072\004\062\004\060\004\064\004\100\004\060\004\102\004\065}{section.65}% 182
\BOOKMARK [2][]{subsection.65.2}{\376\377\004\044\004\103\004\075\004\072\004\106\004\070\004\076\004\075\004\060\004\073\004\114\004\075\004\113\004\065\000\040\004\077\004\076\004\101\004\073\004\065\004\064\004\076\004\062\004\060\004\102\004\065\004\073\004\114\004\075\004\076\004\101\004\102\004\070\000\040\004\070\000\040\004\100\004\117\004\064\004\113}{section.65}% 183
\BOOKMARK [2][]{subsection.65.3}{\376\377\004\040\004\060\004\062\004\075\004\076\004\074\004\065\004\100\004\075\004\060\004\117\000\040\004\101\004\105\004\076\004\064\004\070\004\074\004\076\004\101\004\102\004\114}{section.65}% 184
\BOOKMARK [2][]{subsection.65.4}{\376\377\004\041\004\103\004\077\004\100\004\065\004\074\004\103\004\074\000-\004\072\004\100\004\070\004\102\004\065\004\100\004\070\004\071}{section.65}% 185
\BOOKMARK [2][]{subsection.65.5}{\376\377\004\032\004\100\004\070\004\102\004\065\004\100\004\070\004\071\000\040\004\032\004\076\004\110\004\070\000\040\004\100\004\060\004\062\004\075\004\076\004\074\004\065\004\100\004\075\004\076\004\071\000\040\004\101\004\105\004\076\004\064\004\070\004\074\004\076\004\101\004\102\004\070}{section.65}% 186
\BOOKMARK [1][]{section.66}{\376\377\004\037\004\100\004\070\004\067\004\075\004\060\004\072\004\070\000\040\004\100\004\060\004\062\004\075\004\076\004\074\004\065\004\100\004\075\004\076\004\071\000\040\004\101\004\105\004\076\004\064\004\070\004\074\004\076\004\101\004\102\004\070}{part.4}% 187
\BOOKMARK [2][]{subsection.66.1}{\376\377\004\041\004\062\004\076\004\071\004\101\004\102\004\062\004\060\000\040\004\100\004\060\004\062\004\075\004\076\004\074\004\065\004\100\004\075\004\076\004\071\000\040\004\101\004\105\004\076\004\064\004\070\004\074\004\076\004\101\004\102\004\070}{section.66}% 188
\BOOKMARK [2][]{subsection.66.2}{\376\377\004\040\004\060\004\062\004\075\004\076\004\074\004\065\004\100\004\075\004\060\004\117\000\040\004\101\004\105\004\076\004\064\004\070\004\074\004\076\004\101\004\102\004\114\000\040\004\104\004\103\004\075\004\072\004\106\004\070\004\076\004\075\004\060\004\073\004\114\004\075\004\113\004\105\000\040\004\100\004\117\004\064\004\076\004\062}{section.66}% 189
\BOOKMARK [2][]{subsection.66.3}{\376\377\004\037\004\100\004\070\004\067\004\075\004\060\004\072\004\070\000\040\004\100\004\060\004\062\004\075\004\076\004\074\004\065\004\100\004\075\004\076\004\071\000\040\004\101\004\105\004\076\004\064\004\070\004\074\004\076\004\101\004\102\004\070}{section.66}% 190
\BOOKMARK [2][]{subsection.66.4}{\376\377\004\042\004\076\000,\000\040\004\107\004\102\004\076\000\040\004\117\000\040\004\067\004\060\004\061\004\113\004\073\000\040\004\101\004\072\004\060\004\067\004\060\004\102\004\114\000\040\004\077\004\100\004\076\000\040\004\100\004\117\004\064\004\113}{section.66}% 191
\BOOKMARK [1][]{section.67}{\376\377\004\037\004\100\004\070\004\067\004\075\004\060\004\072\004\070\000\040\004\024\004\070\004\100\004\070\004\105\004\073\004\065\000,\000\040\004\020\004\061\004\065\004\073\004\117\000\040\004\100\004\060\004\062\004\075\004\076\004\074\004\065\004\100\004\075\004\076\004\071\000\040\004\101\004\105\004\076\004\064\004\070\004\074\004\076\004\101\004\102\004\070\000\040\004\104\004\103\004\075\004\072\004\106\004\070\004\076\004\075\004\060\004\073\004\114\004\075\004\113\004\105\000\040\004\100\004\117\004\064\004\076\004\062}{part.4}% 192
\BOOKMARK [2][]{subsection.67.1}{\376\377\004\037\004\076\004\062\004\102\004\076\004\100\004\075\004\113\004\065\000\040\004\077\004\100\004\065\004\064\004\065\004\073\004\113\000\040\004\070\000\040\004\100\004\060\004\062\004\075\004\076\004\074\004\065\004\100\004\075\004\060\004\117\000\040\004\101\004\105\004\076\004\064\004\070\004\074\004\076\004\101\004\102\004\114}{section.67}% 193
\BOOKMARK [1][]{section.68}{\376\377\004\041\004\073\004\065\004\064\004\101\004\102\004\062\004\070\004\117\000\040\004\072\004\100\004\070\004\102\004\065\004\100\004\070\004\117\000\040\004\023\004\076\004\100\004\064\004\076\004\075\004\060}{part.4}% 194
\BOOKMARK [1][]{section.69}{\376\377\004\041\004\073\004\065\004\064\004\101\004\102\004\062\004\070\004\117\000\040\004\102\004\065\004\076\004\100\004\065\004\074\004\113\000\040\004\023\004\076\004\100\004\064\004\076\004\075\004\060}{part.4}% 195
\BOOKMARK [1][]{section.70}{\376\377\004\041\004\102\004\065\004\077\004\065\004\075\004\075\004\113\004\065\000\040\004\100\004\117\004\064\004\113}{part.4}% 196
\BOOKMARK [2][]{subsection.70.1}{\376\377\004\041\004\102\004\065\004\077\004\065\004\075\004\075\004\113\004\065\000\040\004\100\004\117\004\064\004\113}{section.70}% 197
\BOOKMARK [2][]{subsection.70.2}{\376\377\004\044\004\076\004\100\004\074\004\103\004\073\004\113\000\040\004\064\004\073\004\117\000\040\004\100\004\060\004\064\004\070\004\103\004\101\004\060\000\040\004\101\004\105\004\076\004\064\004\070\004\074\004\076\004\101\004\102\004\070}{section.70}% 198
\BOOKMARK [1][]{section.71}{\376\377\004\024\004\070\004\104\004\104\004\065\004\100\004\065\004\075\004\106\004\070\004\100\004\076\004\062\004\060\004\075\004\070\004\065\000\040\004\101\004\102\004\065\004\077\004\065\004\075\004\075\004\113\004\105\000\040\004\100\004\117\004\064\004\076\004\062\000.\000\040\004\020\004\075\004\060\004\073\004\070\004\102\004\070\004\107\004\065\004\101\004\072\004\070\004\065\000\040\004\104\004\103\004\075\004\072\004\106\004\070\004\070}{part.4}% 199
\BOOKMARK [1][]{section.72}{\376\377\004\022\004\113\004\107\004\070\004\101\004\073\004\065\004\075\004\070\004\065\000\040\004\101\004\103\004\074\004\074}{part.4}% 200
\BOOKMARK [2][]{subsection.72.1}{\376\377\004\041\004\105\004\076\004\064\004\070\004\074\004\076\004\101\004\102\004\114\000\040\004\062\000\040\004\072\004\100\004\060\004\071\004\075\004\070\004\105\000\040\004\102\004\076\004\107\004\072\004\060\004\105}{section.72}% 201
\BOOKMARK [2][]{subsection.72.2}{\376\377\004\041\004\103\004\074\004\074\004\070\004\100\004\076\004\062\004\060\004\075\004\070\004\065\000\040\004\100\004\060\004\101\004\105\004\076\004\064\004\117\004\111\004\070\004\105\004\101\004\117\000\040\004\100\004\117\004\064\004\076\004\062}{section.72}% 202
\BOOKMARK [1][]{section.73}{\376\377\004\040\004\060\004\067\004\073\004\076\004\066\004\065\004\075\004\070\004\065\000\040\004\101\004\070\004\075\004\103\004\101\004\060\000\040\004\062\000\040\004\061\004\065\004\101\004\072\004\076\004\075\004\065\004\107\004\075\004\076\004\065\000\040\004\077\004\100\004\076\004\070\004\067\004\062\004\065\004\064\004\065\004\075\004\070\004\065}{part.4}% 203
\BOOKMARK [1][]{section.74}{\376\377\004\044\004\076\004\100\004\074\004\103\004\073\004\060\000\040\004\041\004\102\004\070\004\100\004\073\004\070\004\075\004\063\004\060}{part.4}% 204
\BOOKMARK [1][]{section.75}{\376\377\004\041\004\105\004\076\004\064\004\070\004\074\004\076\004\101\004\102\004\114\000\040\004\104\004\103\004\075\004\072\004\106\004\070\004\070\000\040\004\077\004\076\000\040\004\077\004\060\004\100\004\060\004\074\004\065\004\102\004\100\004\103}{part.4}% 205
\BOOKMARK [2][]{subsection.75.1}{\376\377\004\020\004\100\004\070\004\104\004\074\004\065\004\102\004\070\004\107\004\065\004\101\004\072\004\070\004\065\000\040\004\101\004\062\004\076\004\071\004\101\004\102\004\062\004\060}{section.75}% 206
\BOOKMARK [2][]{subsection.75.2}{\376\377\004\032\004\100\004\070\004\102\004\065\004\100\004\070\004\071\000\040\004\032\004\076\004\110\004\070\000\040\004\100\004\060\004\062\004\075\004\076\004\074\004\065\004\100\004\075\004\076\004\071\000\040\004\101\004\105\004\076\004\064\004\070\004\074\004\076\004\101\004\102\004\070\000\040\004\077\004\076\000\040\004\077\004\060\004\100\004\060\004\074\004\065\004\102\004\100\004\103}{section.75}% 207
\BOOKMARK [1][]{section.76}{\376\377\004\042\004\065\004\076\004\100\004\065\004\074\004\113\000\040\004\076\000\040\004\077\004\100\004\065\004\064\004\065\004\101\004\102\004\060\004\075\004\076\004\062\004\072\004\060\004\105\000\040\004\077\004\100\004\065\004\064\004\065\004\073\004\060\000\040\004\070\000.\000.\000.}{part.4}% 208
\BOOKMARK [1][]{section.77}{\376\377\004\030\004\075\004\102\004\065\004\063\004\100\004\060\004\073\004\113\000\040\004\040\004\070\004\074\004\060\004\075\004\060\000\040\004\101\000\040\004\077\004\060\004\100\004\060\004\074\004\065\004\102\004\100\004\076\004\074}{part.4}% 209
\BOOKMARK [2][]{subsection.77.1}{\376\377\004\024\004\070\004\104\004\104\004\065\004\100\004\065\004\075\004\106\004\070\004\100\004\076\004\062\004\060\004\075\004\070\004\065\000\040\004\070\004\075\004\102\004\065\004\063\004\100\004\060\004\073\004\060\000\040\004\101\000\040\004\077\004\100\004\065\004\064\004\065\004\073\004\060\004\074\004\070\000,\000\040\004\067\004\060\004\062\004\070\004\101\004\117\004\111\004\070\004\074\004\070\000\040\004\076\004\102\000\040\004\077\004\060\004\100\004\060\004\074\004\065\004\102\004\100\004\060}{section.77}% 210
\BOOKMARK [1][]{section.78}{\376\377\004\037\004\065\004\100\004\065\004\101\004\102\004\060\004\075\004\076\004\062\004\072\004\060\000\040\004\070\004\075\004\102\004\065\004\063\004\100\004\060\004\073\004\076\004\062\000.\000\040\004\036\004\101\004\075\004\076\004\062\004\075\004\060\004\117\000\040\004\102\004\065\004\076\004\100\004\065\004\074\004\060\000\040\004\060\004\073\004\063\004\065\004\061\004\100\004\113}{part.4}% 211
\BOOKMARK [2][]{subsection.78.1}{\376\377\004\036\004\101\004\075\004\076\004\062\004\075\004\060\004\117\000\040\004\102\004\065\004\076\004\100\004\065\004\074\004\060\000\040\004\060\004\073\004\063\004\065\004\061\004\100\004\113}{section.78}% 212
\BOOKMARK [2][]{subsection.78.2}{\376\377\004\035\004\060\004\077\004\076\004\074\004\070\004\075\004\060\004\075\004\070\004\065\000\040\004\075\004\065\004\101\004\076\004\061\004\101\004\102\004\062\004\065\004\075\004\075\004\113\004\105\000\040\004\070\004\075\004\102\004\065\004\063\004\100\004\060\004\073\004\076\004\062}{section.78}% 213
\BOOKMARK [1][]{section.79}{\376\377\004\035\004\065\004\101\004\076\004\061\004\101\004\102\004\062\004\065\004\075\004\075\004\113\004\065\000\040\004\070\004\075\004\102\004\065\004\063\004\100\004\060\004\073\004\113\000,\000\040\004\067\004\060\004\062\004\070\004\101\004\117\004\111\004\070\004\065\000\040\004\076\004\102\000\040\004\077\004\060\004\100\004\060\004\074\004\065\004\102\004\100\004\060}{part.4}% 214
\BOOKMARK [2][]{subsection.79.1}{\376\377\004\037\004\100\004\070\004\067\004\075\004\060\004\072\004\070\000\040\004\100\004\060\004\062\004\075\004\076\004\074\004\065\004\100\004\075\004\076\004\071\000\040\004\101\004\105\004\076\004\064\004\070\004\074\004\076\004\101\004\102\004\070\000\040\004\077\004\076\000\040\004\077\004\060\004\100\004\060\004\074\004\065\004\102\004\100\004\103\000\040\004\075\004\065\004\101\004\076\004\061\004\101\004\102\004\062\004\065\004\075\004\075\004\076\004\063\004\076\000\040\004\070\004\075\004\102\004\065\004\063\004\100\004\060\004\073\004\060}{section.79}% 215
\BOOKMARK [1][]{section.80}{\376\377\004\037\004\065\004\100\004\065\004\101\004\102\004\060\004\075\004\076\004\062\004\072\004\060\000\040\004\075\004\065\004\101\004\076\004\061\004\101\004\102\004\062\004\065\004\075\004\075\004\076\004\063\004\076\000\040\004\070\004\075\004\102\004\065\004\063\004\100\004\060\004\073\004\060\000\040\004\101\000\040\004\077\004\060\004\100\004\060\004\074\004\065\004\102\004\100\004\076\004\074\000\040\004\070\000.\000.\000.}{part.4}% 216
\BOOKMARK [1][]{section.81}{\376\377\004\037\004\065\004\100\004\065\004\101\004\102\004\060\004\075\004\076\004\062\004\072\004\060\000\040\004\075\004\065\004\101\004\076\004\061\004\101\004\102\004\062\004\065\004\075\004\075\004\113\004\105\000\040\004\070\004\075\004\102\004\065\004\063\004\100\004\060\004\073\004\076\004\062\000\040\004\101\000\040\004\077\004\060\004\100\004\060\004\074\004\065\004\102\004\100\004\076\004\074\000.\000\040\004\037\004\100\004\070\004\067\004\075\004\060\004\072\000\040\004\024\004\070\004\075\004\070\000.\000\040\004\030\004\075\004\102\004\065\004\063\004\100\004\060\004\073\000\040\004\055\004\071\004\073\004\065\004\100\004\060\040\023\000\040\004\037\004\103\004\060\004\101\004\101\004\076\004\075\004\060}{part.4}% 217
\BOOKMARK [2][]{subsection.81.1}{\376\377\004\030\004\075\004\102\004\065\004\063\004\100\004\060\004\073\000\040\004\055\004\071\004\073\004\065\004\100\004\060\040\023\000\040\004\037\004\103\004\060\004\101\004\101\004\076\004\075\004\060}{section.81}% 218
\BOOKMARK [1][]{section.82}{\376\377\004\023\004\060\004\074\004\074\004\060\000-\000\040\004\070\000\040\004\021\004\065\004\102\004\060\000-\004\104\004\103\004\075\004\072\004\106\004\070\004\070\000\040\004\055\004\071\004\073\004\065\004\100\004\060}{part.4}% 219
\BOOKMARK [2][]{subsection.82.1}{\376\377\004\023\004\060\004\074\004\074\004\060\000-\004\104\004\103\004\075\004\072\004\106\004\070\004\117\000\040\004\055\004\071\004\073\004\065\004\100\004\060\000\040\000\050\004\070\004\073\004\070\000\040\004\055\004\071\004\073\004\065\004\100\004\076\004\062\000\040\004\070\004\075\004\102\004\065\004\063\004\100\004\060\004\073\000\040\0002\000-\004\063\004\076\000\040\004\100\004\076\004\064\004\060\000\051}{section.82}% 220
\BOOKMARK [1][]{section.83}{\376\377\004\030\004\075\004\102\004\065\004\063\004\100\004\060\004\073\004\113\000\040\004\055\004\071\004\073\004\065\004\100\004\060}{part.4}% 221
\BOOKMARK [1][]{section.84}{\376\377\004\022\004\062\004\065\004\064\004\065\004\075\004\070\004\065\000\040\004\075\004\076\004\062\004\113\004\105\000\040\004\060\004\073\004\063\004\065\004\061\004\100\004\060\004\070\004\107\004\065\004\101\004\072\004\070\004\105\000\040\004\101\004\102\004\100\004\103\004\072\004\102\004\103\004\100\000.\000\040\004\021\004\060\004\075\004\060\004\105\004\076\004\062\004\076\000\040\004\077\004\100\004\076\004\101\004\102\004\100\004\060\004\075\004\101\004\102\004\062\004\076}{part.4}% 222
\BOOKMARK [2][]{subsection.84.1}{\376\377\004\024\004\076\004\077\004\076\004\073\004\075\004\070\004\102\004\065\004\073\004\114\004\075\004\113\004\065\000\040\004\101\004\102\004\100\004\103\004\072\004\102\004\103\004\100\004\113\000\040\004\075\004\060\004\064\000\040\004\073\004\070\004\075\004\065\004\071\004\075\004\113\004\074\000\040\004\077\004\100\004\076\004\101\004\102\004\100\004\060\004\075\004\101\004\102\004\062\004\076\004\074}{section.84}% 223
\BOOKMARK [1][]{section.85}{\376\377\004\040\004\117\004\064\004\113\000\040\004\044\004\103\004\100\004\114\004\065}{part.4}% 224
\BOOKMARK [1][]{section.86}{\376\377\004\042\004\100\004\070\004\063\004\076\004\075\004\076\004\074\004\065\004\102\004\100\004\070\004\107\004\065\004\101\004\072\004\070\004\065\000\040\004\100\004\117\004\064\004\113\000\040\004\044\004\103\004\100\004\114\004\065}{part.4}% 225
\BOOKMARK [1][]{section.87}{\376\377\004\041\004\105\004\076\004\064\004\070\004\074\004\076\004\101\004\102\004\114\000\040\004\102\004\100\004\070\004\063\004\076\004\075\004\076\004\074\004\065\004\102\004\100\004\070\004\107\004\065\004\101\004\072\004\070\004\105\000\040\004\100\004\117\004\064\004\076\004\062\000\040\004\044\004\103\004\100\004\114\004\065}{part.4}% 226
\BOOKMARK [2][]{subsection.87.1}{\376\377\004\034\004\065\004\102\004\076\004\064\004\113\000\040\004\101\004\103\004\074\004\074\004\070\004\100\004\076\004\062\004\060\004\075\004\070\004\117\000.\000\040\004\057\004\064\004\100\004\076\000\040\004\044\004\065\004\071\004\065\004\100\004\060}{section.87}% 227
\BOOKMARK [1][]{section.88}{\376\377\004\040\004\060\004\062\004\075\004\076\004\074\004\065\004\100\004\075\004\060\004\117\000\040\004\101\004\105\004\076\004\064\004\070\004\074\004\076\004\101\004\102\004\114\000\040\004\100\004\117\004\064\004\076\004\062\000\040\004\102\004\100\004\070\004\063\004\076\004\075\004\076\004\074\004\065\004\102\004\100\004\070\004\107\004\065\004\101\004\072\004\070\004\105\000\040\004\044\004\103\004\100\004\114\004\065}{part.4}% 228
\BOOKMARK [1][]{section.89}{\376\377\004\027\004\060\004\074\004\072\004\075\004\103\004\102\004\076\004\101\004\102\004\114\000\040\004\102\004\100\004\070\004\063\004\076\004\075\004\076\004\074\004\065\004\102\004\100\004\070\004\107\004\065\004\101\004\072\004\070\004\105\000\040\004\074\004\075\004\076\004\063\004\076\004\107\004\073\004\065\004\075\004\076\004\062\000.\000\040\004\030\004\075\004\102\004\065\004\063\004\100\004\060\004\073\000\040\004\044\004\103\004\100\004\114\004\065\000.\000\040\004\042\004\065\004\076\004\100\004\065\004\074\004\060\000\040\004\044\004\100\004\103\004\073\004\073\004\060\004\075\004\070}{part.4}% 229
\BOOKMARK [2][]{subsection.89.1}{\376\377\004\030\004\075\004\102\004\065\004\063\004\100\004\060\004\073\000\040\004\044\004\103\004\100\004\114\004\065}{section.89}% 230
\BOOKMARK [2][]{subsection.89.2}{\376\377\004\042\004\065\004\076\004\100\004\065\004\074\004\060\000\040\004\044\004\100\004\103\004\073\004\073\004\060\004\075\004\070}{section.89}% 231
\BOOKMARK [0][]{part.5}{\376\377\000V\000\040\004\030\004\075\004\102\004\065\004\063\004\100\004\060\004\073\004\113\000\040\004\077\004\076\000\040\004\074\004\075\004\076\004\066\004\065\004\101\004\102\004\062\004\060\004\074}{}% 232
\BOOKMARK [1][]{section.90}{\376\377\004\021\004\100\004\103\004\101\004\113\000\040\004\062\000\040\000R\000N\000,\000\040\004\077\004\100\004\076\004\101\004\102\004\113\004\065\000\040\004\074\004\075\004\076\004\066\004\065\004\101\004\102\004\062\004\060\000\040\004\070\000\040\004\076\004\077\004\065\004\100\004\060\004\106\004\070\004\070\000\040\004\075\004\060\004\064\000\040\004\075\004\070\004\074\004\070}{part.5}% 233
\BOOKMARK [1][]{section.91}{\376\377\004\034\004\065\004\100\004\060\000\040\004\026\004\076\004\100\004\064\004\060\004\075\004\060}{part.5}% 234
\BOOKMARK [1][]{section.92}{\376\377\004\032\004\100\004\070\004\102\004\065\004\100\004\070\004\070\000\040\004\070\004\067\004\074\004\065\004\100\004\070\004\074\004\076\004\101\004\102\004\070\000\040\004\077\004\076\000\040\004\026\004\076\004\100\004\064\004\060\004\075\004\103}{part.5}% 235
\BOOKMARK [1][]{section.93}{\376\377\004\041\004\062\004\076\004\071\004\101\004\102\004\062\004\060\000\040\004\074\004\065\004\100\004\113\000\040\004\026\004\076\004\100\004\064\004\060\004\075\004\060\000\040\004\077\004\100\004\076\004\070\004\067\004\062\004\076\004\073\004\114\004\075\004\113\004\105\000\040\004\070\004\067\004\074\004\065\004\100\004\070\004\074\004\113\004\105\000\040\004\074\004\075\004\076\004\066\004\065\004\101\004\102\004\062\000.\000\040\004\030\004\075\004\102\004\065\004\063\004\100\004\060\004\073\000\040\004\077\004\076\000\040\004\070\004\067\004\074\004\065\004\100\004\070\004\074\004\076\004\074\004\103\000\040\004\074\004\075\004\076\004\066\004\065\004\101\004\102\004\062\004\103}{part.5}% 236
\BOOKMARK [1][]{section.94}{\376\377\004\037\004\100\004\076\004\101\004\102\004\065\004\071\004\110\004\070\004\065\000\040\004\103\004\102\004\062\004\065\004\100\004\066\004\064\004\065\004\075\004\070\004\117\000\040\004\076\004\061\000\040\004\070\004\075\004\102\004\065\004\063\004\100\004\060\004\073\004\065\000\040\004\077\004\076\000\040\004\070\004\067\004\074\004\065\004\100\004\070\004\074\004\076\004\074\004\103\000\040\004\074\004\075\004\076\004\066\004\065\004\101\004\102\004\062\004\103}{part.5}% 237
\BOOKMARK [1][]{section.95}{\376\377\004\020\004\077\004\077\004\060\004\100\004\060\004\102\000\040\004\070\004\075\004\102\004\065\004\063\004\100\004\060\004\073\004\076\004\062\000\040\004\024\004\060\004\100\004\061\004\103\000\040\004\062\000\040\000R\000N}{part.5}% 238
\BOOKMARK [1][]{section.96}{\376\377\004\032\004\100\004\070\004\102\004\065\004\100\004\070\004\071\000\040\004\033\004\065\004\061\004\065\004\063\004\060}{part.5}% 239
\BOOKMARK [1][]{section.97}{\376\377\004\041\004\062\004\076\004\071\004\101\004\102\004\062\004\060\000\040\004\070\004\075\004\102\004\065\004\063\004\100\004\060\004\073\004\060\000\040\004\040\004\070\004\074\004\060\004\075\004\060}{part.5}% 240
\BOOKMARK [1][]{section.98}{\376\377\004\023\004\065\004\076\004\074\004\065\004\102\004\100\004\070\004\107\004\065\004\101\004\072\004\070\004\071\000\040\004\101\004\074\004\113\004\101\004\073\000\040\004\072\004\100\004\060\004\102\004\075\004\076\004\063\004\076\000\040\004\070\004\075\004\102\004\065\004\063\004\100\004\060\004\073\004\060}{part.5}% 241
\BOOKMARK [1][]{section.99}{\376\377\004\041\004\062\004\065\004\064\004\065\004\075\004\070\004\065\000\040\004\072\004\100\004\060\004\102\004\075\004\076\004\063\004\076\000\040\004\070\004\075\004\102\004\065\004\063\004\100\004\060\004\073\004\060\000\040\004\072\000\040\004\077\004\076\004\062\004\102\004\076\004\100\004\075\004\076\004\074\004\103}{part.5}% 242
\BOOKMARK [1][]{section.100}{\376\377\004\041\004\076\004\105\004\100\004\060\004\075\004\065\004\075\004\070\004\065\000\040\004\070\004\067\004\074\004\065\004\100\004\070\004\074\004\076\004\101\004\102\004\070\000\040\004\077\004\100\004\070\000\040\004\067\004\060\004\074\004\065\004\075\004\065\000\040\004\077\004\065\004\100\004\065\004\074\004\065\004\075\004\075\004\076\004\071}{part.5}% 243
\BOOKMARK [1][]{section.101}{\376\377\004\041\004\076\004\105\004\100\004\060\004\075\004\065\004\075\004\070\004\065\000\040\004\074\004\065\004\100\004\113\000\040\004\075\004\076\004\073\004\114\000\040\004\077\004\076\000\040\004\033\004\065\004\061\004\065\004\063\004\103\000.\000\040\004\044\004\103\004\075\004\072\004\106\004\070\004\117\000\040\004\074\004\075\004\076\004\066\004\065\004\101\004\102\004\062\004\060\000.\000\040\004\042\004\065\004\076\004\100\004\065\004\074\004\060\000\040\004\076\000\040\004\067\004\060\004\074\004\065\004\075\004\065}{part.5}% 244
\BOOKMARK [1][]{section.102}{\376\377\004\033\004\065\004\074\004\074\004\060\000\040\004\076\000\040\004\067\004\060\004\074\004\065\004\075\004\065\000.\000\040\004\035\004\065\004\101\004\076\004\061\004\101\004\102\004\062\004\065\004\075\004\075\004\113\004\071\000\040\004\070\004\075\004\102\004\065\004\063\004\100\004\060\004\073\000.\000\040\004\041\004\105\004\076\004\064\004\070\004\074\004\076\004\101\004\102\004\114\000\040\004\074\004\065\004\100\004\113\000\040\004\070\004\101\004\107\004\065\004\100\004\077\004\113\004\062\004\060\004\075\004\070\004\117}{part.5}% 245
\BOOKMARK [2][]{subsection.102.1}{\376\377\004\035\004\065\004\101\004\076\004\061\004\101\004\102\004\062\004\065\004\075\004\075\004\113\004\065\000\040\004\072\004\100\004\060\004\102\004\075\004\113\004\065\000\040\004\070\004\075\004\102\004\065\004\063\004\100\004\060\004\073\004\113}{section.102}% 246
\BOOKMARK [1][]{section.103}{\376\377\004\033\004\065\004\072\004\106\004\070\004\117\000\040\004\076\004\102\000\040\0008\000-\004\063\004\076\000\040\004\060\004\077\004\100\004\065\004\073\004\117}{part.5}% 247
\BOOKMARK [1][]{section.104}{\376\377\004\032\004\100\004\070\004\062\004\113\004\065\000\040\004\070\000\040\004\072\004\100\004\070\004\062\004\076\004\073\004\070\004\075\004\065\004\071\004\075\004\113\004\065\000\040\004\070\004\075\004\102\004\065\004\063\004\100\004\060\004\073\004\113}{part.5}% 248
\BOOKMARK [1][]{section.105}{\376\377\004\032\004\100\004\070\004\062\004\076\004\073\004\070\004\075\004\065\004\071\004\075\004\113\004\065\000\040\004\070\004\075\004\102\004\065\004\063\004\100\004\060\004\073\004\113}{part.5}% 249
\BOOKMARK [1][]{section.106}{\376\377\004\037\004\073\004\076\004\101\004\072\004\070\004\065\000\040\004\072\004\100\004\070\004\062\004\113\004\065\000.\000\040\004\044\004\076\004\100\004\074\004\103\004\073\004\060\000\040\004\023\004\100\004\070\004\075\004\060}{part.5}% 250
\BOOKMARK [1][]{section.107}{\376\377\004\037\004\076\004\102\004\065\004\075\004\106\004\070\004\060\004\073\004\114\004\075\004\113\004\065\000\040\004\062\004\065\004\072\004\102\004\076\004\100\004\075\004\113\004\065\000\040\004\077\004\076\004\073\004\117}{part.5}% 251
\BOOKMARK [1][]{section.108}{\376\377\004\037\004\076\004\062\004\065\004\100\004\105\004\075\004\076\004\101\004\102\004\114}{part.5}% 252
\BOOKMARK [1][]{section.109}{\376\377\004\037\004\076\004\062\004\065\004\100\004\105\004\075\004\076\004\101\004\102\004\075\004\113\004\071\000\040\004\070\004\075\004\102\004\065\004\063\004\100\004\060\004\073\000\040\004\062\004\102\004\076\004\100\004\076\004\063\004\076\000\040\004\100\004\076\004\064\004\060\000.\000\040\004\036\004\100\004\070\004\065\004\075\004\102\004\060\004\106\004\070\004\117\000\040\004\077\004\076\004\062\004\065\004\100\004\105\004\075\004\076\004\101\004\102\004\070}{part.5}% 253
\BOOKMARK [2][]{subsection.109.1}{\376\377\004\037\004\100\004\076\004\101\004\102\004\065\004\071\004\110\004\070\004\065\000\040\004\101\004\062\004\076\004\071\004\101\004\102\004\062\004\060}{section.109}% 254
\BOOKMARK [1][]{section.110}{\376\377\004\044\004\076\004\100\004\074\004\103\004\073\004\060\000\040\004\023\004\060\004\103\004\101\004\101\004\060\040\023\000\040\004\036\004\101\004\102\004\100\004\076\004\063\004\100\004\060\004\064\004\101\004\072\004\076\004\063\004\076}{part.5}% 255
\BOOKMARK [1][]{section.111}{\376\377\004\037\004\076\004\101\004\073\004\065\004\064\004\075\004\117\004\117\000\040\004\073\004\065\004\072\004\106\004\070\004\117}{part.5}% 256
